{"/Users/lxy/Documents/GitHub/LinXueyuanStdio/viben/packages/cli/src/cli.ts": {"path":"/Users/lxy/Documents/GitHub/LinXueyuanStdio/viben/packages/cli/src/cli.ts","all":false,"statementMap":{"4":{"start":{"line":5,"column":0},"end":{"line":5,"column":36}},"5":{"start":{"line":6,"column":0},"end":{"line":6,"column":39}},"6":{"start":{"line":7,"column":0},"end":{"line":7,"column":54}},"7":{"start":{"line":8,"column":0},"end":{"line":8,"column":58}},"8":{"start":{"line":9,"column":0},"end":{"line":9,"column":56}},"11":{"start":{"line":12,"column":0},"end":{"line":12,"column":47}},"12":{"start":{"line":13,"column":0},"end":{"line":13,"column":47}},"17":{"start":{"line":18,"column":0},"end":{"line":18,"column":42}},"18":{"start":{"line":19,"column":0},"end":{"line":19,"column":32}},"20":{"start":{"line":21,"column":0},"end":{"line":21,"column":9}},"21":{"start":{"line":22,"column":0},"end":{"line":22,"column":18}},"22":{"start":{"line":23,"column":0},"end":{"line":23,"column":85}},"23":{"start":{"line":24,"column":0},"end":{"line":24,"column":77}},"26":{"start":{"line":27,"column":0},"end":{"line":27,"column":9}},"27":{"start":{"line":28,"column":0},"end":{"line":28,"column":70}},"28":{"start":{"line":29,"column":0},"end":{"line":29,"column":47}},"29":{"start":{"line":30,"column":0},"end":{"line":30,"column":53}},"30":{"start":{"line":31,"column":0},"end":{"line":31,"column":49}},"31":{"start":{"line":32,"column":0},"end":{"line":32,"column":60}},"34":{"start":{"line":35,"column":0},"end":{"line":35,"column":31}},"35":{"start":{"line":36,"column":0},"end":{"line":36,"column":33}},"36":{"start":{"line":37,"column":0},"end":{"line":37,"column":32}},"38":{"start":{"line":39,"column":0},"end":{"line":39,"column":17}},"39":{"start":{"line":40,"column":0},"end":{"line":40,"column":1}},"44":{"start":{"line":45,"column":0},"end":{"line":45,"column":59}},"45":{"start":{"line":46,"column":0},"end":{"line":46,"column":34}},"46":{"start":{"line":47,"column":0},"end":{"line":47,"column":49}},"47":{"start":{"line":48,"column":0},"end":{"line":48,"column":1}}},"s":{"4":1,"5":1,"6":1,"7":1,"8":1,"11":1,"12":1,"17":1,"18":34,"20":34,"21":34,"22":34,"23":34,"26":34,"27":34,"28":34,"29":34,"30":34,"31":34,"34":34,"35":34,"36":34,"38":34,"39":34,"44":0,"45":0,"46":0,"47":0},"branchMap":{"0":{"type":"branch","line":18,"loc":{"start":{"line":18,"column":7},"end":{"line":40,"column":1}},"locations":[{"start":{"line":18,"column":7},"end":{"line":40,"column":1}}]}},"b":{"0":[34]},"fnMap":{"0":{"name":"createProgram","decl":{"start":{"line":18,"column":7},"end":{"line":40,"column":1}},"loc":{"start":{"line":18,"column":7},"end":{"line":40,"column":1}},"line":18},"1":{"name":"run","decl":{"start":{"line":45,"column":0},"end":{"line":48,"column":1}},"loc":{"start":{"line":45,"column":0},"end":{"line":48,"column":1}},"line":45}},"f":{"0":34,"1":0}}
,"/Users/lxy/Documents/GitHub/LinXueyuanStdio/viben/packages/cli/src/commands/config.ts": {"path":"/Users/lxy/Documents/GitHub/LinXueyuanStdio/viben/packages/cli/src/commands/config.ts","all":false,"statementMap":{"4":{"start":{"line":5,"column":0},"end":{"line":5,"column":38}},"5":{"start":{"line":6,"column":0},"end":{"line":6,"column":26}},"8":{"start":{"line":9,"column":0},"end":{"line":9,"column":36}},"9":{"start":{"line":10,"column":0},"end":{"line":10,"column":8}},"20":{"start":{"line":21,"column":0},"end":{"line":21,"column":67}},"21":{"start":{"line":22,"column":0},"end":{"line":22,"column":85}},"32":{"start":{"line":33,"column":0},"end":{"line":33,"column":45}},"34":{"start":{"line":35,"column":0},"end":{"line":35,"column":7}},"35":{"start":{"line":36,"column":0},"end":{"line":36,"column":29}},"36":{"start":{"line":37,"column":0},"end":{"line":37,"column":11}},"38":{"start":{"line":39,"column":0},"end":{"line":39,"column":17}},"39":{"start":{"line":40,"column":0},"end":{"line":40,"column":3}},"40":{"start":{"line":41,"column":0},"end":{"line":41,"column":1}},"45":{"start":{"line":46,"column":0},"end":{"line":46,"column":46}},"46":{"start":{"line":47,"column":0},"end":{"line":47,"column":46}},"47":{"start":{"line":48,"column":0},"end":{"line":48,"column":14}},"48":{"start":{"line":49,"column":0},"end":{"line":49,"column":3}},"49":{"start":{"line":50,"column":0},"end":{"line":50,"column":34}},"50":{"start":{"line":51,"column":0},"end":{"line":51,"column":33}},"51":{"start":{"line":52,"column":0},"end":{"line":52,"column":3}},"52":{"start":{"line":53,"column":0},"end":{"line":53,"column":23}},"53":{"start":{"line":54,"column":0},"end":{"line":54,"column":1}},"58":{"start":{"line":59,"column":0},"end":{"line":59,"column":19}},"59":{"start":{"line":60,"column":0},"end":{"line":60,"column":21}},"60":{"start":{"line":61,"column":0},"end":{"line":61,"column":21}},"61":{"start":{"line":62,"column":0},"end":{"line":62,"column":13}},"62":{"start":{"line":63,"column":0},"end":{"line":63,"column":9}},"63":{"start":{"line":64,"column":0},"end":{"line":64,"column":59}},"64":{"start":{"line":65,"column":0},"end":{"line":65,"column":44}},"66":{"start":{"line":67,"column":0},"end":{"line":67,"column":28}},"67":{"start":{"line":68,"column":0},"end":{"line":68,"column":62}},"69":{"start":{"line":70,"column":0},"end":{"line":70,"column":7}},"70":{"start":{"line":71,"column":0},"end":{"line":71,"column":11}},"71":{"start":{"line":72,"column":0},"end":{"line":72,"column":3}},"73":{"start":{"line":74,"column":0},"end":{"line":74,"column":54}},"74":{"start":{"line":75,"column":0},"end":{"line":75,"column":36}},"75":{"start":{"line":76,"column":0},"end":{"line":76,"column":5}},"76":{"start":{"line":77,"column":0},"end":{"line":77,"column":1}},"81":{"start":{"line":82,"column":0},"end":{"line":82,"column":19}},"82":{"start":{"line":83,"column":0},"end":{"line":83,"column":21}},"83":{"start":{"line":84,"column":0},"end":{"line":84,"column":21}},"84":{"start":{"line":85,"column":0},"end":{"line":85,"column":14}},"85":{"start":{"line":86,"column":0},"end":{"line":86,"column":15}},"86":{"start":{"line":87,"column":0},"end":{"line":87,"column":9}},"87":{"start":{"line":88,"column":0},"end":{"line":88,"column":59}},"88":{"start":{"line":89,"column":0},"end":{"line":89,"column":40}},"89":{"start":{"line":90,"column":0},"end":{"line":90,"column":61}},"91":{"start":{"line":92,"column":0},"end":{"line":92,"column":38}},"93":{"start":{"line":94,"column":0},"end":{"line":94,"column":74}},"94":{"start":{"line":95,"column":0},"end":{"line":95,"column":93}},"95":{"start":{"line":96,"column":0},"end":{"line":96,"column":5}},"96":{"start":{"line":97,"column":0},"end":{"line":97,"column":1}},"101":{"start":{"line":102,"column":0},"end":{"line":102,"column":21}},"102":{"start":{"line":103,"column":0},"end":{"line":103,"column":21}},"103":{"start":{"line":104,"column":0},"end":{"line":104,"column":21}},"104":{"start":{"line":105,"column":0},"end":{"line":105,"column":13}},"105":{"start":{"line":106,"column":0},"end":{"line":106,"column":9}},"106":{"start":{"line":107,"column":0},"end":{"line":107,"column":41}},"107":{"start":{"line":108,"column":0},"end":{"line":108,"column":16}},"108":{"start":{"line":109,"column":0},"end":{"line":109,"column":23}},"109":{"start":{"line":110,"column":0},"end":{"line":110,"column":49}},"110":{"start":{"line":111,"column":0},"end":{"line":111,"column":24}},"111":{"start":{"line":112,"column":0},"end":{"line":112,"column":6}},"112":{"start":{"line":113,"column":0},"end":{"line":113,"column":3}},"114":{"start":{"line":115,"column":0},"end":{"line":115,"column":51}},"115":{"start":{"line":116,"column":0},"end":{"line":116,"column":38}},"117":{"start":{"line":118,"column":0},"end":{"line":118,"column":54}},"118":{"start":{"line":119,"column":0},"end":{"line":119,"column":65}},"119":{"start":{"line":120,"column":0},"end":{"line":120,"column":5}},"120":{"start":{"line":121,"column":0},"end":{"line":121,"column":1}},"125":{"start":{"line":126,"column":0},"end":{"line":126,"column":20}},"126":{"start":{"line":127,"column":0},"end":{"line":127,"column":21}},"127":{"start":{"line":128,"column":0},"end":{"line":128,"column":21}},"128":{"start":{"line":129,"column":0},"end":{"line":129,"column":21}},"129":{"start":{"line":130,"column":0},"end":{"line":130,"column":9}},"130":{"start":{"line":131,"column":0},"end":{"line":131,"column":19}},"132":{"start":{"line":133,"column":0},"end":{"line":133,"column":40}},"134":{"start":{"line":135,"column":0},"end":{"line":135,"column":51}},"135":{"start":{"line":136,"column":0},"end":{"line":136,"column":33}},"136":{"start":{"line":137,"column":0},"end":{"line":137,"column":7}},"137":{"start":{"line":138,"column":0},"end":{"line":138,"column":11}},"138":{"start":{"line":139,"column":0},"end":{"line":139,"column":3}},"141":{"start":{"line":142,"column":0},"end":{"line":142,"column":59}},"142":{"start":{"line":143,"column":0},"end":{"line":143,"column":38}},"144":{"start":{"line":145,"column":0},"end":{"line":145,"column":56}},"145":{"start":{"line":146,"column":0},"end":{"line":146,"column":31}},"146":{"start":{"line":147,"column":0},"end":{"line":147,"column":59}},"147":{"start":{"line":148,"column":0},"end":{"line":148,"column":5}},"148":{"start":{"line":149,"column":0},"end":{"line":149,"column":5}},"149":{"start":{"line":150,"column":0},"end":{"line":150,"column":1}},"154":{"start":{"line":155,"column":0},"end":{"line":155,"column":26}},"155":{"start":{"line":156,"column":0},"end":{"line":156,"column":21}},"156":{"start":{"line":157,"column":0},"end":{"line":157,"column":20}},"157":{"start":{"line":158,"column":0},"end":{"line":158,"column":18}},"158":{"start":{"line":159,"column":0},"end":{"line":159,"column":50}},"159":{"start":{"line":160,"column":0},"end":{"line":160,"column":29}},"161":{"start":{"line":162,"column":0},"end":{"line":162,"column":62}},"162":{"start":{"line":163,"column":0},"end":{"line":163,"column":83}},"163":{"start":{"line":164,"column":0},"end":{"line":164,"column":5}},"166":{"start":{"line":167,"column":0},"end":{"line":167,"column":45}},"167":{"start":{"line":168,"column":0},"end":{"line":168,"column":21}},"168":{"start":{"line":169,"column":0},"end":{"line":169,"column":16}},"169":{"start":{"line":170,"column":0},"end":{"line":170,"column":5}},"171":{"start":{"line":172,"column":0},"end":{"line":172,"column":43}},"172":{"start":{"line":173,"column":0},"end":{"line":173,"column":34}},"173":{"start":{"line":174,"column":0},"end":{"line":174,"column":26}},"174":{"start":{"line":175,"column":0},"end":{"line":175,"column":50}},"175":{"start":{"line":176,"column":0},"end":{"line":176,"column":23}},"176":{"start":{"line":177,"column":0},"end":{"line":177,"column":13}},"177":{"start":{"line":178,"column":0},"end":{"line":178,"column":9}},"178":{"start":{"line":179,"column":0},"end":{"line":179,"column":7}},"179":{"start":{"line":180,"column":0},"end":{"line":180,"column":29}},"180":{"start":{"line":181,"column":0},"end":{"line":181,"column":16}},"181":{"start":{"line":182,"column":0},"end":{"line":182,"column":7}},"182":{"start":{"line":183,"column":0},"end":{"line":183,"column":5}},"183":{"start":{"line":184,"column":0},"end":{"line":184,"column":1}},"188":{"start":{"line":189,"column":0},"end":{"line":189,"column":63}},"189":{"start":{"line":190,"column":0},"end":{"line":190,"column":27}},"190":{"start":{"line":191,"column":0},"end":{"line":191,"column":22}},"191":{"start":{"line":192,"column":0},"end":{"line":192,"column":59}},"194":{"start":{"line":195,"column":0},"end":{"line":195,"column":11}},"195":{"start":{"line":196,"column":0},"end":{"line":196,"column":25}},"196":{"start":{"line":197,"column":0},"end":{"line":197,"column":38}},"197":{"start":{"line":198,"column":0},"end":{"line":198,"column":48}},"198":{"start":{"line":199,"column":0},"end":{"line":199,"column":54}},"199":{"start":{"line":200,"column":0},"end":{"line":200,"column":54}},"200":{"start":{"line":201,"column":0},"end":{"line":201,"column":34}},"201":{"start":{"line":202,"column":0},"end":{"line":202,"column":43}},"202":{"start":{"line":203,"column":0},"end":{"line":203,"column":49}},"203":{"start":{"line":204,"column":0},"end":{"line":204,"column":45}},"204":{"start":{"line":205,"column":0},"end":{"line":205,"column":8}},"206":{"start":{"line":207,"column":0},"end":{"line":207,"column":11}},"207":{"start":{"line":208,"column":0},"end":{"line":208,"column":36}},"208":{"start":{"line":209,"column":0},"end":{"line":209,"column":58}},"209":{"start":{"line":210,"column":0},"end":{"line":210,"column":67}},"210":{"start":{"line":211,"column":0},"end":{"line":211,"column":11}},"211":{"start":{"line":212,"column":0},"end":{"line":212,"column":35}},"212":{"start":{"line":213,"column":0},"end":{"line":213,"column":23}},"213":{"start":{"line":214,"column":0},"end":{"line":214,"column":40}},"214":{"start":{"line":215,"column":0},"end":{"line":215,"column":49}},"215":{"start":{"line":216,"column":0},"end":{"line":216,"column":62}},"216":{"start":{"line":217,"column":0},"end":{"line":217,"column":13}},"217":{"start":{"line":218,"column":0},"end":{"line":218,"column":26}},"218":{"start":{"line":219,"column":0},"end":{"line":219,"column":9}},"219":{"start":{"line":220,"column":0},"end":{"line":220,"column":20}},"220":{"start":{"line":221,"column":0},"end":{"line":221,"column":7}},"221":{"start":{"line":222,"column":0},"end":{"line":222,"column":7}},"224":{"start":{"line":225,"column":0},"end":{"line":225,"column":11}},"225":{"start":{"line":226,"column":0},"end":{"line":226,"column":33}},"226":{"start":{"line":227,"column":0},"end":{"line":227,"column":38}},"227":{"start":{"line":228,"column":0},"end":{"line":228,"column":48}},"228":{"start":{"line":229,"column":0},"end":{"line":229,"column":54}},"229":{"start":{"line":230,"column":0},"end":{"line":230,"column":69}},"230":{"start":{"line":231,"column":0},"end":{"line":231,"column":34}},"231":{"start":{"line":232,"column":0},"end":{"line":232,"column":43}},"232":{"start":{"line":233,"column":0},"end":{"line":233,"column":49}},"233":{"start":{"line":234,"column":0},"end":{"line":234,"column":45}},"234":{"start":{"line":235,"column":0},"end":{"line":235,"column":8}},"236":{"start":{"line":237,"column":0},"end":{"line":237,"column":11}},"237":{"start":{"line":238,"column":0},"end":{"line":238,"column":36}},"238":{"start":{"line":239,"column":0},"end":{"line":239,"column":58}},"239":{"start":{"line":240,"column":0},"end":{"line":240,"column":67}},"240":{"start":{"line":241,"column":0},"end":{"line":241,"column":11}},"241":{"start":{"line":242,"column":0},"end":{"line":242,"column":42}},"242":{"start":{"line":243,"column":0},"end":{"line":243,"column":23}},"243":{"start":{"line":244,"column":0},"end":{"line":244,"column":40}},"244":{"start":{"line":245,"column":0},"end":{"line":245,"column":49}},"245":{"start":{"line":246,"column":0},"end":{"line":246,"column":62}},"246":{"start":{"line":247,"column":0},"end":{"line":247,"column":13}},"247":{"start":{"line":248,"column":0},"end":{"line":248,"column":26}},"248":{"start":{"line":249,"column":0},"end":{"line":249,"column":9}},"249":{"start":{"line":250,"column":0},"end":{"line":250,"column":20}},"250":{"start":{"line":251,"column":0},"end":{"line":251,"column":7}},"251":{"start":{"line":252,"column":0},"end":{"line":252,"column":7}},"254":{"start":{"line":255,"column":0},"end":{"line":255,"column":11}},"255":{"start":{"line":256,"column":0},"end":{"line":256,"column":27}},"256":{"start":{"line":257,"column":0},"end":{"line":257,"column":41}},"257":{"start":{"line":258,"column":0},"end":{"line":258,"column":48}},"258":{"start":{"line":259,"column":0},"end":{"line":259,"column":54}},"259":{"start":{"line":260,"column":0},"end":{"line":260,"column":54}},"260":{"start":{"line":261,"column":0},"end":{"line":261,"column":34}},"261":{"start":{"line":262,"column":0},"end":{"line":262,"column":43}},"262":{"start":{"line":263,"column":0},"end":{"line":263,"column":49}},"263":{"start":{"line":264,"column":0},"end":{"line":264,"column":45}},"264":{"start":{"line":265,"column":0},"end":{"line":265,"column":8}},"266":{"start":{"line":267,"column":0},"end":{"line":267,"column":11}},"267":{"start":{"line":268,"column":0},"end":{"line":268,"column":36}},"268":{"start":{"line":269,"column":0},"end":{"line":269,"column":58}},"269":{"start":{"line":270,"column":0},"end":{"line":270,"column":67}},"270":{"start":{"line":271,"column":0},"end":{"line":271,"column":11}},"271":{"start":{"line":272,"column":0},"end":{"line":272,"column":37}},"272":{"start":{"line":273,"column":0},"end":{"line":273,"column":23}},"273":{"start":{"line":274,"column":0},"end":{"line":274,"column":40}},"274":{"start":{"line":275,"column":0},"end":{"line":275,"column":49}},"275":{"start":{"line":276,"column":0},"end":{"line":276,"column":62}},"276":{"start":{"line":277,"column":0},"end":{"line":277,"column":13}},"277":{"start":{"line":278,"column":0},"end":{"line":278,"column":26}},"278":{"start":{"line":279,"column":0},"end":{"line":279,"column":9}},"279":{"start":{"line":280,"column":0},"end":{"line":280,"column":20}},"280":{"start":{"line":281,"column":0},"end":{"line":281,"column":7}},"281":{"start":{"line":282,"column":0},"end":{"line":282,"column":7}},"284":{"start":{"line":285,"column":0},"end":{"line":285,"column":11}},"285":{"start":{"line":286,"column":0},"end":{"line":286,"column":20}},"286":{"start":{"line":287,"column":0},"end":{"line":287,"column":42}},"287":{"start":{"line":288,"column":0},"end":{"line":288,"column":48}},"288":{"start":{"line":289,"column":0},"end":{"line":289,"column":54}},"289":{"start":{"line":290,"column":0},"end":{"line":290,"column":68}},"290":{"start":{"line":291,"column":0},"end":{"line":291,"column":41}},"291":{"start":{"line":292,"column":0},"end":{"line":292,"column":34}},"292":{"start":{"line":293,"column":0},"end":{"line":293,"column":43}},"293":{"start":{"line":294,"column":0},"end":{"line":294,"column":49}},"294":{"start":{"line":295,"column":0},"end":{"line":295,"column":45}},"295":{"start":{"line":296,"column":0},"end":{"line":296,"column":8}},"297":{"start":{"line":298,"column":0},"end":{"line":298,"column":11}},"298":{"start":{"line":299,"column":0},"end":{"line":299,"column":36}},"299":{"start":{"line":300,"column":0},"end":{"line":300,"column":58}},"300":{"start":{"line":301,"column":0},"end":{"line":301,"column":67}},"301":{"start":{"line":302,"column":0},"end":{"line":302,"column":11}},"302":{"start":{"line":303,"column":0},"end":{"line":303,"column":60}},"303":{"start":{"line":304,"column":0},"end":{"line":304,"column":23}},"304":{"start":{"line":305,"column":0},"end":{"line":305,"column":40}},"305":{"start":{"line":306,"column":0},"end":{"line":306,"column":49}},"306":{"start":{"line":307,"column":0},"end":{"line":307,"column":62}},"307":{"start":{"line":308,"column":0},"end":{"line":308,"column":13}},"308":{"start":{"line":309,"column":0},"end":{"line":309,"column":26}},"309":{"start":{"line":310,"column":0},"end":{"line":310,"column":9}},"310":{"start":{"line":311,"column":0},"end":{"line":311,"column":20}},"311":{"start":{"line":312,"column":0},"end":{"line":312,"column":7}},"312":{"start":{"line":313,"column":0},"end":{"line":313,"column":7}},"315":{"start":{"line":316,"column":0},"end":{"line":316,"column":11}},"316":{"start":{"line":317,"column":0},"end":{"line":317,"column":20}},"317":{"start":{"line":318,"column":0},"end":{"line":318,"column":41}},"318":{"start":{"line":319,"column":0},"end":{"line":319,"column":49}},"319":{"start":{"line":320,"column":0},"end":{"line":320,"column":55}},"320":{"start":{"line":321,"column":0},"end":{"line":321,"column":47}},"321":{"start":{"line":322,"column":0},"end":{"line":322,"column":34}},"322":{"start":{"line":323,"column":0},"end":{"line":323,"column":43}},"323":{"start":{"line":324,"column":0},"end":{"line":324,"column":49}},"324":{"start":{"line":325,"column":0},"end":{"line":325,"column":45}},"325":{"start":{"line":326,"column":0},"end":{"line":326,"column":8}},"327":{"start":{"line":328,"column":0},"end":{"line":328,"column":11}},"328":{"start":{"line":329,"column":0},"end":{"line":329,"column":36}},"329":{"start":{"line":330,"column":0},"end":{"line":330,"column":58}},"330":{"start":{"line":331,"column":0},"end":{"line":331,"column":67}},"331":{"start":{"line":332,"column":0},"end":{"line":332,"column":11}},"332":{"start":{"line":333,"column":0},"end":{"line":333,"column":37}},"333":{"start":{"line":334,"column":0},"end":{"line":334,"column":23}},"334":{"start":{"line":335,"column":0},"end":{"line":335,"column":40}},"335":{"start":{"line":336,"column":0},"end":{"line":336,"column":49}},"336":{"start":{"line":337,"column":0},"end":{"line":337,"column":62}},"337":{"start":{"line":338,"column":0},"end":{"line":338,"column":13}},"338":{"start":{"line":339,"column":0},"end":{"line":339,"column":26}},"339":{"start":{"line":340,"column":0},"end":{"line":340,"column":9}},"340":{"start":{"line":341,"column":0},"end":{"line":341,"column":20}},"341":{"start":{"line":342,"column":0},"end":{"line":342,"column":7}},"342":{"start":{"line":343,"column":0},"end":{"line":343,"column":7}},"343":{"start":{"line":344,"column":0},"end":{"line":344,"column":1}}},"s":{"4":1,"5":1,"8":1,"9":1,"20":1,"21":1,"32":4,"34":4,"35":4,"36":4,"38":1,"39":1,"40":4,"45":7,"46":7,"47":0,"48":0,"49":7,"50":1,"51":1,"52":6,"53":6,"58":9,"59":9,"60":9,"61":9,"62":9,"63":9,"64":9,"66":9,"67":2,"69":2,"70":2,"71":2,"73":7,"74":3,"75":7,"76":7,"81":4,"82":4,"83":4,"84":4,"85":4,"86":4,"87":4,"88":4,"89":4,"91":4,"93":4,"94":4,"95":4,"96":4,"101":1,"102":1,"103":1,"104":1,"105":1,"106":1,"107":1,"108":0,"109":0,"110":0,"111":0,"112":0,"114":1,"115":1,"117":1,"118":1,"119":1,"120":1,"125":3,"126":3,"127":3,"128":3,"129":3,"130":3,"132":1,"134":1,"135":1,"136":1,"137":1,"138":1,"141":3,"142":3,"144":3,"145":1,"146":2,"147":2,"148":3,"149":3,"154":0,"155":0,"156":0,"157":0,"158":0,"159":0,"161":0,"162":0,"163":0,"166":0,"167":0,"168":0,"169":0,"171":0,"172":0,"173":0,"174":0,"175":0,"176":0,"177":0,"178":0,"179":0,"180":0,"181":0,"182":0,"183":0,"188":1,"189":34,"190":34,"191":34,"194":34,"195":34,"196":34,"197":34,"198":34,"199":34,"200":9,"201":9,"202":9,"203":9,"204":9,"206":9,"207":9,"208":9,"209":9,"210":9,"211":9,"212":9,"213":0,"214":0,"215":0,"216":0,"217":0,"218":0,"219":0,"220":0,"221":34,"224":34,"225":34,"226":34,"227":34,"228":34,"229":34,"230":4,"231":4,"232":4,"233":4,"234":4,"236":4,"237":4,"238":4,"239":4,"240":4,"241":4,"242":4,"243":0,"244":0,"245":0,"246":0,"247":0,"248":0,"249":0,"250":0,"251":34,"254":34,"255":34,"256":34,"257":34,"258":34,"259":34,"260":1,"261":1,"262":1,"263":1,"264":1,"266":1,"267":1,"268":1,"269":1,"270":1,"271":1,"272":1,"273":0,"274":0,"275":0,"276":0,"277":0,"278":0,"279":0,"280":0,"281":34,"284":34,"285":34,"286":34,"287":34,"288":34,"289":34,"290":34,"291":3,"292":3,"293":3,"294":3,"295":3,"297":3,"298":3,"299":3,"300":3,"301":3,"302":3,"303":3,"304":0,"305":0,"306":0,"307":0,"308":0,"309":0,"310":0,"311":0,"312":34,"315":34,"316":34,"317":34,"318":34,"319":34,"320":34,"321":0,"322":0,"323":0,"324":0,"325":0,"327":0,"328":0,"329":0,"330":0,"331":0,"332":0,"333":0,"334":0,"335":0,"336":0,"337":0,"338":0,"339":0,"340":0,"341":0,"342":34,"343":34},"branchMap":{"0":{"type":"branch","line":33,"loc":{"start":{"line":33,"column":0},"end":{"line":41,"column":1}},"locations":[{"start":{"line":33,"column":0},"end":{"line":41,"column":1}}]},"1":{"type":"branch","line":37,"loc":{"start":{"line":37,"column":2},"end":{"line":40,"column":3}},"locations":[{"start":{"line":37,"column":2},"end":{"line":40,"column":3}}]},"2":{"type":"branch","line":46,"loc":{"start":{"line":46,"column":0},"end":{"line":54,"column":1}},"locations":[{"start":{"line":46,"column":0},"end":{"line":54,"column":1}}]},"3":{"type":"branch","line":47,"loc":{"start":{"line":47,"column":45},"end":{"line":49,"column":3}},"locations":[{"start":{"line":47,"column":45},"end":{"line":49,"column":3}}]},"4":{"type":"branch","line":50,"loc":{"start":{"line":50,"column":33},"end":{"line":52,"column":3}},"locations":[{"start":{"line":50,"column":33},"end":{"line":52,"column":3}}]},"5":{"type":"branch","line":52,"loc":{"start":{"line":52,"column":2},"end":{"line":54,"column":1}},"locations":[{"start":{"line":52,"column":2},"end":{"line":54,"column":1}}]},"6":{"type":"branch","line":59,"loc":{"start":{"line":59,"column":0},"end":{"line":77,"column":1}},"locations":[{"start":{"line":59,"column":0},"end":{"line":77,"column":1}}]},"7":{"type":"branch","line":64,"loc":{"start":{"line":64,"column":39},"end":{"line":64,"column":59}},"locations":[{"start":{"line":64,"column":39},"end":{"line":64,"column":59}}]},"8":{"type":"branch","line":67,"loc":{"start":{"line":67,"column":27},"end":{"line":72,"column":3}},"locations":[{"start":{"line":67,"column":27},"end":{"line":72,"column":3}}]},"9":{"type":"branch","line":72,"loc":{"start":{"line":72,"column":2},"end":{"line":77,"column":1}},"locations":[{"start":{"line":72,"column":2},"end":{"line":77,"column":1}}]},"10":{"type":"branch","line":68,"loc":{"start":{"line":68,"column":55},"end":{"line":70,"column":5}},"locations":[{"start":{"line":68,"column":55},"end":{"line":70,"column":5}}]},"11":{"type":"branch","line":74,"loc":{"start":{"line":74,"column":47},"end":{"line":76,"column":3}},"locations":[{"start":{"line":74,"column":47},"end":{"line":76,"column":3}}]},"12":{"type":"branch","line":82,"loc":{"start":{"line":82,"column":0},"end":{"line":97,"column":1}},"locations":[{"start":{"line":82,"column":0},"end":{"line":97,"column":1}}]},"13":{"type":"branch","line":88,"loc":{"start":{"line":88,"column":39},"end":{"line":88,"column":59}},"locations":[{"start":{"line":88,"column":39},"end":{"line":88,"column":59}}]},"14":{"type":"branch","line":94,"loc":{"start":{"line":94,"column":67},"end":{"line":96,"column":3}},"locations":[{"start":{"line":94,"column":67},"end":{"line":96,"column":3}}]},"15":{"type":"branch","line":102,"loc":{"start":{"line":102,"column":0},"end":{"line":121,"column":1}},"locations":[{"start":{"line":102,"column":0},"end":{"line":121,"column":1}}]},"16":{"type":"branch","line":108,"loc":{"start":{"line":108,"column":15},"end":{"line":113,"column":3}},"locations":[{"start":{"line":108,"column":15},"end":{"line":113,"column":3}}]},"17":{"type":"branch","line":118,"loc":{"start":{"line":118,"column":47},"end":{"line":120,"column":3}},"locations":[{"start":{"line":118,"column":47},"end":{"line":120,"column":3}}]},"18":{"type":"branch","line":126,"loc":{"start":{"line":126,"column":0},"end":{"line":150,"column":1}},"locations":[{"start":{"line":126,"column":0},"end":{"line":150,"column":1}}]},"19":{"type":"branch","line":131,"loc":{"start":{"line":131,"column":18},"end":{"line":139,"column":3}},"locations":[{"start":{"line":131,"column":18},"end":{"line":139,"column":3}}]},"20":{"type":"branch","line":139,"loc":{"start":{"line":139,"column":2},"end":{"line":142,"column":44}},"locations":[{"start":{"line":139,"column":2},"end":{"line":142,"column":44}}]},"21":{"type":"branch","line":142,"loc":{"start":{"line":142,"column":39},"end":{"line":142,"column":59}},"locations":[{"start":{"line":142,"column":39},"end":{"line":142,"column":59}}]},"22":{"type":"branch","line":135,"loc":{"start":{"line":135,"column":44},"end":{"line":137,"column":5}},"locations":[{"start":{"line":135,"column":44},"end":{"line":137,"column":5}}]},"23":{"type":"branch","line":145,"loc":{"start":{"line":145,"column":49},"end":{"line":149,"column":3}},"locations":[{"start":{"line":145,"column":49},"end":{"line":149,"column":3}}]},"24":{"type":"branch","line":146,"loc":{"start":{"line":146,"column":30},"end":{"line":148,"column":5}},"locations":[{"start":{"line":146,"column":30},"end":{"line":148,"column":5}}]},"25":{"type":"branch","line":189,"loc":{"start":{"line":189,"column":7},"end":{"line":344,"column":1}},"locations":[{"start":{"line":189,"column":7},"end":{"line":344,"column":1}}]},"26":{"type":"branch","line":200,"loc":{"start":{"line":200,"column":12},"end":{"line":222,"column":5}},"locations":[{"start":{"line":200,"column":12},"end":{"line":222,"column":5}}]},"27":{"type":"branch","line":202,"loc":{"start":{"line":202,"column":29},"end":{"line":202,"column":43}},"locations":[{"start":{"line":202,"column":29},"end":{"line":202,"column":43}}]},"28":{"type":"branch","line":213,"loc":{"start":{"line":213,"column":6},"end":{"line":221,"column":7}},"locations":[{"start":{"line":213,"column":6},"end":{"line":221,"column":7}}]},"29":{"type":"branch","line":230,"loc":{"start":{"line":230,"column":12},"end":{"line":252,"column":5}},"locations":[{"start":{"line":230,"column":12},"end":{"line":252,"column":5}}]},"30":{"type":"branch","line":243,"loc":{"start":{"line":243,"column":6},"end":{"line":251,"column":7}},"locations":[{"start":{"line":243,"column":6},"end":{"line":251,"column":7}}]},"31":{"type":"branch","line":260,"loc":{"start":{"line":260,"column":12},"end":{"line":282,"column":5}},"locations":[{"start":{"line":260,"column":12},"end":{"line":282,"column":5}}]},"32":{"type":"branch","line":273,"loc":{"start":{"line":273,"column":6},"end":{"line":281,"column":7}},"locations":[{"start":{"line":273,"column":6},"end":{"line":281,"column":7}}]},"33":{"type":"branch","line":291,"loc":{"start":{"line":291,"column":12},"end":{"line":313,"column":5}},"locations":[{"start":{"line":291,"column":12},"end":{"line":313,"column":5}}]},"34":{"type":"branch","line":293,"loc":{"start":{"line":293,"column":29},"end":{"line":293,"column":43}},"locations":[{"start":{"line":293,"column":29},"end":{"line":293,"column":43}}]},"35":{"type":"branch","line":303,"loc":{"start":{"line":303,"column":39},"end":{"line":303,"column":58}},"locations":[{"start":{"line":303,"column":39},"end":{"line":303,"column":58}}]},"36":{"type":"branch","line":304,"loc":{"start":{"line":304,"column":6},"end":{"line":312,"column":7}},"locations":[{"start":{"line":304,"column":6},"end":{"line":312,"column":7}}]}},"b":{"0":[4],"1":[1],"2":[7],"3":[0],"4":[1],"5":[6],"6":[9],"7":[0],"8":[2],"9":[7],"10":[1],"11":[3],"12":[4],"13":[0],"14":[4],"15":[1],"16":[0],"17":[1],"18":[3],"19":[1],"20":[2],"21":[0],"22":[1],"23":[1],"24":[2],"25":[34],"26":[9],"27":[4],"28":[0],"29":[4],"30":[0],"31":[1],"32":[0],"33":[3],"34":[2],"35":[2],"36":[0]},"fnMap":{"0":{"name":"parseValue","decl":{"start":{"line":33,"column":0},"end":{"line":41,"column":1}},"loc":{"start":{"line":33,"column":0},"end":{"line":41,"column":1}},"line":33},"1":{"name":"formatValue","decl":{"start":{"line":46,"column":0},"end":{"line":54,"column":1}},"loc":{"start":{"line":46,"column":0},"end":{"line":54,"column":1}},"line":46},"2":{"name":"handleGet","decl":{"start":{"line":59,"column":0},"end":{"line":77,"column":1}},"loc":{"start":{"line":59,"column":0},"end":{"line":77,"column":1}},"line":59},"3":{"name":"handleSet","decl":{"start":{"line":82,"column":0},"end":{"line":97,"column":1}},"loc":{"start":{"line":82,"column":0},"end":{"line":97,"column":1}},"line":82},"4":{"name":"handleUnset","decl":{"start":{"line":102,"column":0},"end":{"line":121,"column":1}},"loc":{"start":{"line":102,"column":0},"end":{"line":121,"column":1}},"line":102},"5":{"name":"handleList","decl":{"start":{"line":126,"column":0},"end":{"line":150,"column":1}},"loc":{"start":{"line":126,"column":0},"end":{"line":150,"column":1}},"line":126},"6":{"name":"handleEdit","decl":{"start":{"line":155,"column":0},"end":{"line":184,"column":1}},"loc":{"start":{"line":155,"column":0},"end":{"line":184,"column":1}},"line":155},"7":{"name":"registerConfigCommand","decl":{"start":{"line":189,"column":7},"end":{"line":344,"column":1}},"loc":{"start":{"line":189,"column":7},"end":{"line":344,"column":1}},"line":189}},"f":{"0":4,"1":7,"2":9,"3":4,"4":1,"5":3,"6":0,"7":34}}
,"/Users/lxy/Documents/GitHub/LinXueyuanStdio/viben/packages/cli/src/commands/init.ts": {"path":"/Users/lxy/Documents/GitHub/LinXueyuanStdio/viben/packages/cli/src/commands/init.ts","all":false,"statementMap":{"4":{"start":{"line":5,"column":0},"end":{"line":5,"column":25}},"5":{"start":{"line":6,"column":0},"end":{"line":6,"column":29}},"6":{"start":{"line":7,"column":0},"end":{"line":7,"column":26}},"9":{"start":{"line":10,"column":0},"end":{"line":10,"column":36}},"10":{"start":{"line":11,"column":0},"end":{"line":11,"column":64}},"11":{"start":{"line":12,"column":0},"end":{"line":12,"column":77}},"12":{"start":{"line":13,"column":0},"end":{"line":13,"column":71}},"21":{"start":{"line":22,"column":0},"end":{"line":22,"column":75}},"22":{"start":{"line":23,"column":0},"end":{"line":23,"column":55}},"23":{"start":{"line":24,"column":0},"end":{"line":24,"column":54}},"26":{"start":{"line":27,"column":0},"end":{"line":27,"column":34}},"27":{"start":{"line":28,"column":0},"end":{"line":28,"column":23}},"28":{"start":{"line":29,"column":0},"end":{"line":29,"column":78}},"29":{"start":{"line":30,"column":0},"end":{"line":30,"column":24}},"30":{"start":{"line":31,"column":0},"end":{"line":31,"column":6}},"31":{"start":{"line":32,"column":0},"end":{"line":32,"column":3}},"34":{"start":{"line":35,"column":0},"end":{"line":35,"column":33}},"35":{"start":{"line":36,"column":0},"end":{"line":36,"column":48}},"36":{"start":{"line":37,"column":0},"end":{"line":37,"column":3}},"39":{"start":{"line":40,"column":0},"end":{"line":40,"column":26}},"41":{"start":{"line":42,"column":0},"end":{"line":42,"column":17}},"44":{"start":{"line":45,"column":0},"end":{"line":45,"column":14}},"45":{"start":{"line":46,"column":0},"end":{"line":46,"column":24}},"46":{"start":{"line":47,"column":0},"end":{"line":47,"column":17}},"47":{"start":{"line":48,"column":0},"end":{"line":48,"column":6}},"48":{"start":{"line":49,"column":0},"end":{"line":49,"column":10}},"49":{"start":{"line":50,"column":0},"end":{"line":50,"column":14}},"50":{"start":{"line":51,"column":0},"end":{"line":51,"column":24}},"51":{"start":{"line":52,"column":0},"end":{"line":52,"column":17}},"52":{"start":{"line":53,"column":0},"end":{"line":53,"column":6}},"53":{"start":{"line":54,"column":0},"end":{"line":54,"column":3}},"56":{"start":{"line":57,"column":0},"end":{"line":57,"column":38}},"59":{"start":{"line":60,"column":0},"end":{"line":60,"column":50}},"60":{"start":{"line":61,"column":0},"end":{"line":61,"column":34}},"61":{"start":{"line":62,"column":0},"end":{"line":62,"column":49}},"62":{"start":{"line":63,"column":0},"end":{"line":63,"column":3}},"65":{"start":{"line":66,"column":0},"end":{"line":66,"column":58}},"66":{"start":{"line":67,"column":0},"end":{"line":67,"column":38}},"67":{"start":{"line":68,"column":0},"end":{"line":68,"column":55}},"76":{"start":{"line":77,"column":0},"end":{"line":77,"column":62}},"77":{"start":{"line":78,"column":0},"end":{"line":78,"column":3}},"79":{"start":{"line":80,"column":0},"end":{"line":80,"column":16}},"80":{"start":{"line":81,"column":0},"end":{"line":81,"column":1}},"85":{"start":{"line":86,"column":0},"end":{"line":86,"column":61}},"86":{"start":{"line":87,"column":0},"end":{"line":87,"column":9}},"87":{"start":{"line":88,"column":0},"end":{"line":88,"column":20}},"88":{"start":{"line":89,"column":0},"end":{"line":89,"column":73}},"89":{"start":{"line":90,"column":0},"end":{"line":90,"column":62}},"90":{"start":{"line":91,"column":0},"end":{"line":91,"column":45}},"91":{"start":{"line":92,"column":0},"end":{"line":92,"column":34}},"92":{"start":{"line":93,"column":0},"end":{"line":93,"column":43}},"93":{"start":{"line":94,"column":0},"end":{"line":94,"column":49}},"94":{"start":{"line":95,"column":0},"end":{"line":95,"column":45}},"95":{"start":{"line":96,"column":0},"end":{"line":96,"column":8}},"97":{"start":{"line":98,"column":0},"end":{"line":98,"column":11}},"98":{"start":{"line":99,"column":0},"end":{"line":99,"column":40}},"101":{"start":{"line":102,"column":0},"end":{"line":102,"column":63}},"102":{"start":{"line":103,"column":0},"end":{"line":103,"column":67}},"103":{"start":{"line":104,"column":0},"end":{"line":104,"column":29}},"104":{"start":{"line":105,"column":0},"end":{"line":105,"column":63}},"105":{"start":{"line":106,"column":0},"end":{"line":106,"column":30}},"106":{"start":{"line":107,"column":0},"end":{"line":107,"column":12}},"107":{"start":{"line":108,"column":0},"end":{"line":108,"column":9}},"109":{"start":{"line":110,"column":0},"end":{"line":110,"column":62}},"111":{"start":{"line":112,"column":0},"end":{"line":112,"column":15}},"112":{"start":{"line":113,"column":0},"end":{"line":113,"column":14}},"113":{"start":{"line":114,"column":0},"end":{"line":114,"column":27}},"114":{"start":{"line":115,"column":0},"end":{"line":115,"column":62}},"115":{"start":{"line":116,"column":0},"end":{"line":116,"column":73}},"116":{"start":{"line":117,"column":0},"end":{"line":117,"column":19}},"117":{"start":{"line":118,"column":0},"end":{"line":118,"column":13}},"118":{"start":{"line":119,"column":0},"end":{"line":119,"column":17}},"119":{"start":{"line":120,"column":0},"end":{"line":120,"column":76}},"120":{"start":{"line":121,"column":0},"end":{"line":121,"column":26}},"121":{"start":{"line":122,"column":0},"end":{"line":122,"column":36}},"122":{"start":{"line":123,"column":0},"end":{"line":123,"column":94}},"123":{"start":{"line":124,"column":0},"end":{"line":124,"column":86}},"124":{"start":{"line":125,"column":0},"end":{"line":125,"column":26}},"125":{"start":{"line":126,"column":0},"end":{"line":126,"column":39}},"126":{"start":{"line":127,"column":0},"end":{"line":127,"column":90}},"127":{"start":{"line":128,"column":0},"end":{"line":128,"column":83}},"128":{"start":{"line":129,"column":0},"end":{"line":129,"column":95}},"129":{"start":{"line":130,"column":0},"end":{"line":130,"column":11}},"130":{"start":{"line":131,"column":0},"end":{"line":131,"column":10}},"131":{"start":{"line":132,"column":0},"end":{"line":132,"column":23}},"132":{"start":{"line":133,"column":0},"end":{"line":133,"column":40}},"133":{"start":{"line":134,"column":0},"end":{"line":134,"column":49}},"134":{"start":{"line":135,"column":0},"end":{"line":135,"column":62}},"135":{"start":{"line":136,"column":0},"end":{"line":136,"column":13}},"136":{"start":{"line":137,"column":0},"end":{"line":137,"column":26}},"137":{"start":{"line":138,"column":0},"end":{"line":138,"column":9}},"138":{"start":{"line":139,"column":0},"end":{"line":139,"column":20}},"139":{"start":{"line":140,"column":0},"end":{"line":140,"column":7}},"140":{"start":{"line":141,"column":0},"end":{"line":141,"column":7}},"141":{"start":{"line":142,"column":0},"end":{"line":142,"column":1}}},"s":{"4":1,"5":1,"6":1,"9":1,"10":1,"11":1,"12":1,"21":5,"22":5,"23":5,"26":5,"27":1,"28":1,"29":1,"30":1,"31":1,"34":4,"35":4,"36":4,"39":4,"41":5,"44":0,"45":0,"46":0,"47":0,"48":5,"49":4,"50":4,"51":4,"52":4,"53":4,"56":4,"59":4,"60":4,"61":4,"62":4,"65":4,"66":4,"67":4,"76":4,"77":4,"79":4,"80":4,"85":1,"86":34,"87":34,"88":34,"89":34,"90":34,"91":6,"92":6,"93":6,"94":6,"95":6,"97":6,"98":6,"101":6,"102":6,"103":1,"104":1,"105":1,"106":1,"107":1,"109":5,"111":5,"112":5,"113":5,"114":5,"115":5,"116":5,"117":5,"118":5,"119":3,"120":3,"121":3,"122":3,"123":3,"124":3,"125":3,"126":3,"127":3,"128":3,"129":3,"130":5,"131":6,"132":2,"133":2,"134":2,"135":2,"136":2,"137":2,"138":2,"139":2,"140":34,"141":34},"branchMap":{"0":{"type":"branch","line":22,"loc":{"start":{"line":22,"column":0},"end":{"line":81,"column":1}},"locations":[{"start":{"line":22,"column":0},"end":{"line":81,"column":1}}]},"1":{"type":"branch","line":27,"loc":{"start":{"line":27,"column":33},"end":{"line":32,"column":3}},"locations":[{"start":{"line":27,"column":33},"end":{"line":32,"column":3}}]},"2":{"type":"branch","line":32,"loc":{"start":{"line":32,"column":2},"end":{"line":42,"column":16}},"locations":[{"start":{"line":32,"column":2},"end":{"line":42,"column":16}}]},"3":{"type":"branch","line":42,"loc":{"start":{"line":42,"column":16},"end":{"line":49,"column":9}},"locations":[{"start":{"line":42,"column":16},"end":{"line":49,"column":9}}]},"4":{"type":"branch","line":49,"loc":{"start":{"line":49,"column":2},"end":{"line":81,"column":1}},"locations":[{"start":{"line":49,"column":2},"end":{"line":81,"column":1}}]},"5":{"type":"branch","line":86,"loc":{"start":{"line":86,"column":7},"end":{"line":142,"column":1}},"locations":[{"start":{"line":86,"column":7},"end":{"line":142,"column":1}}]},"6":{"type":"branch","line":91,"loc":{"start":{"line":91,"column":12},"end":{"line":141,"column":5}},"locations":[{"start":{"line":91,"column":12},"end":{"line":141,"column":5}}]},"7":{"type":"branch","line":93,"loc":{"start":{"line":93,"column":29},"end":{"line":93,"column":43}},"locations":[{"start":{"line":93,"column":29},"end":{"line":93,"column":43}}]},"8":{"type":"branch","line":103,"loc":{"start":{"line":103,"column":12},"end":{"line":103,"column":66}},"locations":[{"start":{"line":103,"column":12},"end":{"line":103,"column":66}}]},"9":{"type":"branch","line":103,"loc":{"start":{"line":103,"column":66},"end":{"line":108,"column":9}},"locations":[{"start":{"line":103,"column":66},"end":{"line":108,"column":9}}]},"10":{"type":"branch","line":108,"loc":{"start":{"line":108,"column":8},"end":{"line":132,"column":15}},"locations":[{"start":{"line":108,"column":8},"end":{"line":132,"column":15}}]},"11":{"type":"branch","line":132,"loc":{"start":{"line":132,"column":6},"end":{"line":140,"column":7}},"locations":[{"start":{"line":132,"column":6},"end":{"line":140,"column":7}}]},"12":{"type":"branch","line":119,"loc":{"start":{"line":119,"column":10},"end":{"line":130,"column":11}},"locations":[{"start":{"line":119,"column":10},"end":{"line":130,"column":11}}]},"13":{"type":"branch","line":134,"loc":{"start":{"line":134,"column":42},"end":{"line":136,"column":11}},"locations":[{"start":{"line":134,"column":42},"end":{"line":136,"column":11}}]}},"b":{"0":[5],"1":[1],"2":[4],"3":[0],"4":[4],"5":[34],"6":[6],"7":[5],"8":[2],"9":[1],"10":[5],"11":[2],"12":[3],"13":[2]},"fnMap":{"0":{"name":"initWorkspace","decl":{"start":{"line":22,"column":0},"end":{"line":81,"column":1}},"loc":{"start":{"line":22,"column":0},"end":{"line":81,"column":1}},"line":22},"1":{"name":"registerInitCommand","decl":{"start":{"line":86,"column":7},"end":{"line":142,"column":1}},"loc":{"start":{"line":86,"column":7},"end":{"line":142,"column":1}},"line":86}},"f":{"0":5,"1":34}}
,"/Users/lxy/Documents/GitHub/LinXueyuanStdio/viben/packages/cli/src/commands/agent/create.ts": {"path":"/Users/lxy/Documents/GitHub/LinXueyuanStdio/viben/packages/cli/src/commands/agent/create.ts","all":false,"statementMap":{"4":{"start":{"line":5,"column":0},"end":{"line":5,"column":25}},"5":{"start":{"line":6,"column":0},"end":{"line":6,"column":29}},"6":{"start":{"line":7,"column":0},"end":{"line":7,"column":29}},"7":{"start":{"line":8,"column":0},"end":{"line":8,"column":26}},"9":{"start":{"line":10,"column":0},"end":{"line":10,"column":39}},"10":{"start":{"line":11,"column":0},"end":{"line":11,"column":59}},"11":{"start":{"line":12,"column":0},"end":{"line":12,"column":77}},"25":{"start":{"line":26,"column":0},"end":{"line":26,"column":51}},"26":{"start":{"line":27,"column":0},"end":{"line":27,"column":30}},"27":{"start":{"line":28,"column":0},"end":{"line":28,"column":43}},"28":{"start":{"line":29,"column":0},"end":{"line":29,"column":24}},"29":{"start":{"line":30,"column":0},"end":{"line":30,"column":25}},"30":{"start":{"line":31,"column":0},"end":{"line":31,"column":70}},"31":{"start":{"line":32,"column":0},"end":{"line":32,"column":22}},"32":{"start":{"line":33,"column":0},"end":{"line":33,"column":8}},"33":{"start":{"line":34,"column":0},"end":{"line":34,"column":5}},"34":{"start":{"line":35,"column":0},"end":{"line":35,"column":45}},"35":{"start":{"line":36,"column":0},"end":{"line":36,"column":3}},"36":{"start":{"line":37,"column":0},"end":{"line":37,"column":44}},"37":{"start":{"line":38,"column":0},"end":{"line":38,"column":1}},"42":{"start":{"line":43,"column":0},"end":{"line":43,"column":44}},"43":{"start":{"line":44,"column":0},"end":{"line":44,"column":32}},"44":{"start":{"line":45,"column":0},"end":{"line":45,"column":65}},"45":{"start":{"line":46,"column":0},"end":{"line":46,"column":3}},"47":{"start":{"line":48,"column":0},"end":{"line":48,"column":45}},"48":{"start":{"line":49,"column":0},"end":{"line":49,"column":23}},"49":{"start":{"line":50,"column":0},"end":{"line":50,"column":102}},"50":{"start":{"line":51,"column":0},"end":{"line":51,"column":18}},"51":{"start":{"line":52,"column":0},"end":{"line":52,"column":6}},"52":{"start":{"line":53,"column":0},"end":{"line":53,"column":3}},"54":{"start":{"line":55,"column":0},"end":{"line":55,"column":23}},"55":{"start":{"line":56,"column":0},"end":{"line":56,"column":79}},"56":{"start":{"line":57,"column":0},"end":{"line":57,"column":3}},"57":{"start":{"line":58,"column":0},"end":{"line":58,"column":1}},"62":{"start":{"line":63,"column":0},"end":{"line":63,"column":79}},"63":{"start":{"line":64,"column":0},"end":{"line":64,"column":26}},"64":{"start":{"line":65,"column":0},"end":{"line":65,"column":22}},"66":{"start":{"line":67,"column":0},"end":{"line":67,"column":30}},"67":{"start":{"line":68,"column":0},"end":{"line":68,"column":27}},"68":{"start":{"line":69,"column":0},"end":{"line":69,"column":33}},"69":{"start":{"line":70,"column":0},"end":{"line":70,"column":5}},"71":{"start":{"line":72,"column":0},"end":{"line":72,"column":40}},"72":{"start":{"line":73,"column":0},"end":{"line":73,"column":55}},"75":{"start":{"line":76,"column":0},"end":{"line":76,"column":33}},"76":{"start":{"line":77,"column":0},"end":{"line":77,"column":23}},"77":{"start":{"line":78,"column":0},"end":{"line":78,"column":37}},"78":{"start":{"line":79,"column":0},"end":{"line":79,"column":20}},"79":{"start":{"line":80,"column":0},"end":{"line":80,"column":6}},"80":{"start":{"line":81,"column":0},"end":{"line":81,"column":3}},"83":{"start":{"line":84,"column":0},"end":{"line":84,"column":34}},"84":{"start":{"line":85,"column":0},"end":{"line":85,"column":49}},"85":{"start":{"line":86,"column":0},"end":{"line":86,"column":3}},"88":{"start":{"line":89,"column":0},"end":{"line":89,"column":39}},"89":{"start":{"line":90,"column":0},"end":{"line":90,"column":24}},"90":{"start":{"line":91,"column":0},"end":{"line":91,"column":7}},"91":{"start":{"line":92,"column":0},"end":{"line":92,"column":47}},"92":{"start":{"line":93,"column":0},"end":{"line":93,"column":37}},"93":{"start":{"line":94,"column":0},"end":{"line":94,"column":25}},"94":{"start":{"line":95,"column":0},"end":{"line":95,"column":31}},"95":{"start":{"line":96,"column":0},"end":{"line":96,"column":19}},"96":{"start":{"line":97,"column":0},"end":{"line":97,"column":19}},"97":{"start":{"line":98,"column":0},"end":{"line":98,"column":4}},"100":{"start":{"line":101,"column":0},"end":{"line":101,"column":48}},"101":{"start":{"line":102,"column":0},"end":{"line":102,"column":17}},"102":{"start":{"line":103,"column":0},"end":{"line":103,"column":4}},"104":{"start":{"line":105,"column":0},"end":{"line":105,"column":19}},"105":{"start":{"line":106,"column":0},"end":{"line":106,"column":34}},"106":{"start":{"line":107,"column":0},"end":{"line":107,"column":3}},"107":{"start":{"line":108,"column":0},"end":{"line":108,"column":26}},"108":{"start":{"line":109,"column":0},"end":{"line":109,"column":48}},"109":{"start":{"line":110,"column":0},"end":{"line":110,"column":3}},"110":{"start":{"line":111,"column":0},"end":{"line":111,"column":20}},"111":{"start":{"line":112,"column":0},"end":{"line":112,"column":36}},"112":{"start":{"line":113,"column":0},"end":{"line":113,"column":3}},"113":{"start":{"line":114,"column":0},"end":{"line":114,"column":23}},"114":{"start":{"line":115,"column":0},"end":{"line":115,"column":42}},"115":{"start":{"line":116,"column":0},"end":{"line":116,"column":3}},"117":{"start":{"line":118,"column":0},"end":{"line":118,"column":61}},"118":{"start":{"line":119,"column":0},"end":{"line":119,"column":48}},"120":{"start":{"line":121,"column":0},"end":{"line":121,"column":9}},"121":{"start":{"line":122,"column":0},"end":{"line":122,"column":8}},"122":{"start":{"line":123,"column":0},"end":{"line":123,"column":21}},"123":{"start":{"line":124,"column":0},"end":{"line":124,"column":12}},"124":{"start":{"line":125,"column":0},"end":{"line":125,"column":22}},"125":{"start":{"line":126,"column":0},"end":{"line":126,"column":12}},"126":{"start":{"line":127,"column":0},"end":{"line":127,"column":7}},"127":{"start":{"line":128,"column":0},"end":{"line":128,"column":11}},"128":{"start":{"line":129,"column":0},"end":{"line":129,"column":76}},"129":{"start":{"line":130,"column":0},"end":{"line":130,"column":20}},"130":{"start":{"line":131,"column":0},"end":{"line":131,"column":56}},"131":{"start":{"line":132,"column":0},"end":{"line":132,"column":20}},"132":{"start":{"line":133,"column":0},"end":{"line":133,"column":33}},"133":{"start":{"line":134,"column":0},"end":{"line":134,"column":87}},"134":{"start":{"line":135,"column":0},"end":{"line":135,"column":5}},"135":{"start":{"line":136,"column":0},"end":{"line":136,"column":4}},"136":{"start":{"line":137,"column":0},"end":{"line":137,"column":1}}},"s":{"4":1,"5":1,"6":1,"7":1,"9":1,"10":1,"11":1,"25":6,"26":6,"27":5,"28":5,"29":0,"30":0,"31":0,"32":0,"33":0,"34":5,"35":5,"36":1,"37":1,"42":7,"43":7,"44":0,"45":0,"47":7,"48":1,"49":1,"50":1,"51":1,"52":1,"54":7,"55":0,"56":0,"57":7,"62":1,"63":7,"64":7,"66":7,"67":7,"68":7,"69":7,"71":7,"72":7,"75":7,"76":1,"77":1,"78":1,"79":1,"80":1,"83":5,"84":5,"85":5,"88":5,"89":5,"90":5,"91":7,"92":7,"93":7,"94":7,"95":7,"96":7,"97":7,"100":7,"101":7,"102":7,"104":7,"105":4,"106":4,"107":7,"108":1,"109":1,"110":7,"111":1,"112":1,"113":7,"114":1,"115":1,"117":5,"118":5,"120":5,"121":5,"122":5,"123":5,"124":5,"125":5,"126":5,"127":5,"128":4,"129":4,"130":4,"131":4,"132":4,"133":4,"134":4,"135":5,"136":5},"branchMap":{"0":{"type":"branch","line":26,"loc":{"start":{"line":26,"column":0},"end":{"line":38,"column":1}},"locations":[{"start":{"line":26,"column":0},"end":{"line":38,"column":1}}]},"1":{"type":"branch","line":27,"loc":{"start":{"line":27,"column":29},"end":{"line":36,"column":3}},"locations":[{"start":{"line":27,"column":29},"end":{"line":36,"column":3}}]},"2":{"type":"branch","line":29,"loc":{"start":{"line":29,"column":23},"end":{"line":34,"column":5}},"locations":[{"start":{"line":29,"column":23},"end":{"line":34,"column":5}}]},"3":{"type":"branch","line":36,"loc":{"start":{"line":36,"column":2},"end":{"line":38,"column":1}},"locations":[{"start":{"line":36,"column":2},"end":{"line":38,"column":1}}]},"4":{"type":"branch","line":43,"loc":{"start":{"line":43,"column":0},"end":{"line":58,"column":1}},"locations":[{"start":{"line":43,"column":0},"end":{"line":58,"column":1}}]},"5":{"type":"branch","line":44,"loc":{"start":{"line":44,"column":31},"end":{"line":46,"column":3}},"locations":[{"start":{"line":44,"column":31},"end":{"line":46,"column":3}}]},"6":{"type":"branch","line":48,"loc":{"start":{"line":48,"column":44},"end":{"line":53,"column":3}},"locations":[{"start":{"line":48,"column":44},"end":{"line":53,"column":3}}]},"7":{"type":"branch","line":53,"loc":{"start":{"line":53,"column":2},"end":{"line":55,"column":22}},"locations":[{"start":{"line":53,"column":2},"end":{"line":55,"column":22}}]},"8":{"type":"branch","line":55,"loc":{"start":{"line":55,"column":22},"end":{"line":57,"column":3}},"locations":[{"start":{"line":55,"column":22},"end":{"line":57,"column":3}}]},"9":{"type":"branch","line":63,"loc":{"start":{"line":63,"column":7},"end":{"line":137,"column":1}},"locations":[{"start":{"line":63,"column":7},"end":{"line":137,"column":1}}]},"10":{"type":"branch","line":76,"loc":{"start":{"line":76,"column":32},"end":{"line":81,"column":3}},"locations":[{"start":{"line":76,"column":32},"end":{"line":81,"column":3}}]},"11":{"type":"branch","line":81,"loc":{"start":{"line":81,"column":2},"end":{"line":92,"column":32}},"locations":[{"start":{"line":81,"column":2},"end":{"line":92,"column":32}}]},"12":{"type":"branch","line":92,"loc":{"start":{"line":92,"column":18},"end":{"line":92,"column":44}},"locations":[{"start":{"line":92,"column":18},"end":{"line":92,"column":44}}]},"13":{"type":"branch","line":92,"loc":{"start":{"line":92,"column":32},"end":{"line":92,"column":47}},"locations":[{"start":{"line":92,"column":32},"end":{"line":92,"column":47}}]},"14":{"type":"branch","line":105,"loc":{"start":{"line":105,"column":18},"end":{"line":107,"column":3}},"locations":[{"start":{"line":105,"column":18},"end":{"line":107,"column":3}}]},"15":{"type":"branch","line":107,"loc":{"start":{"line":107,"column":2},"end":{"line":108,"column":25}},"locations":[{"start":{"line":107,"column":2},"end":{"line":108,"column":25}}]},"16":{"type":"branch","line":108,"loc":{"start":{"line":108,"column":25},"end":{"line":110,"column":3}},"locations":[{"start":{"line":108,"column":25},"end":{"line":110,"column":3}}]},"17":{"type":"branch","line":110,"loc":{"start":{"line":110,"column":2},"end":{"line":111,"column":19}},"locations":[{"start":{"line":110,"column":2},"end":{"line":111,"column":19}}]},"18":{"type":"branch","line":111,"loc":{"start":{"line":111,"column":19},"end":{"line":113,"column":3}},"locations":[{"start":{"line":111,"column":19},"end":{"line":113,"column":3}}]},"19":{"type":"branch","line":113,"loc":{"start":{"line":113,"column":2},"end":{"line":114,"column":22}},"locations":[{"start":{"line":113,"column":2},"end":{"line":114,"column":22}}]},"20":{"type":"branch","line":114,"loc":{"start":{"line":114,"column":22},"end":{"line":116,"column":3}},"locations":[{"start":{"line":114,"column":22},"end":{"line":116,"column":3}}]},"21":{"type":"branch","line":116,"loc":{"start":{"line":116,"column":2},"end":{"line":137,"column":1}},"locations":[{"start":{"line":116,"column":2},"end":{"line":137,"column":1}}]},"22":{"type":"branch","line":128,"loc":{"start":{"line":128,"column":4},"end":{"line":135,"column":5}},"locations":[{"start":{"line":128,"column":4},"end":{"line":135,"column":5}}]}},"b":{"0":[6],"1":[5],"2":[0],"3":[1],"4":[7],"5":[0],"6":[1],"7":[6],"8":[0],"9":[7],"10":[1],"11":[5],"12":[1],"13":[4],"14":[4],"15":[5],"16":[1],"17":[5],"18":[1],"19":[5],"20":[1],"21":[5],"22":[4]},"fnMap":{"0":{"name":"getAgentsDir","decl":{"start":{"line":26,"column":0},"end":{"line":38,"column":1}},"loc":{"start":{"line":26,"column":0},"end":{"line":38,"column":1}},"line":26},"1":{"name":"validateAgentId","decl":{"start":{"line":43,"column":0},"end":{"line":58,"column":1}},"loc":{"start":{"line":43,"column":0},"end":{"line":58,"column":1}},"line":43},"2":{"name":"createAgent","decl":{"start":{"line":63,"column":7},"end":{"line":137,"column":1}},"loc":{"start":{"line":63,"column":7},"end":{"line":137,"column":1}},"line":63}},"f":{"0":6,"1":7,"2":7}}
,"/Users/lxy/Documents/GitHub/LinXueyuanStdio/viben/packages/cli/src/commands/agent/index.ts": {"path":"/Users/lxy/Documents/GitHub/LinXueyuanStdio/viben/packages/cli/src/commands/agent/index.ts","all":false,"statementMap":{"4":{"start":{"line":5,"column":0},"end":{"line":5,"column":26}},"7":{"start":{"line":8,"column":0},"end":{"line":8,"column":39}},"8":{"start":{"line":9,"column":0},"end":{"line":9,"column":42}},"9":{"start":{"line":10,"column":0},"end":{"line":10,"column":36}},"10":{"start":{"line":11,"column":0},"end":{"line":11,"column":39}},"11":{"start":{"line":12,"column":0},"end":{"line":12,"column":35}},"25":{"start":{"line":26,"column":0},"end":{"line":26,"column":62}},"26":{"start":{"line":27,"column":0},"end":{"line":27,"column":26}},"27":{"start":{"line":28,"column":0},"end":{"line":28,"column":21}},"28":{"start":{"line":29,"column":0},"end":{"line":29,"column":34}},"31":{"start":{"line":32,"column":0},"end":{"line":32,"column":10}},"32":{"start":{"line":33,"column":0},"end":{"line":33,"column":20}},"33":{"start":{"line":34,"column":0},"end":{"line":34,"column":35}},"34":{"start":{"line":35,"column":0},"end":{"line":35,"column":19}},"35":{"start":{"line":36,"column":0},"end":{"line":36,"column":34}},"36":{"start":{"line":37,"column":0},"end":{"line":37,"column":43}},"37":{"start":{"line":38,"column":0},"end":{"line":38,"column":49}},"38":{"start":{"line":39,"column":0},"end":{"line":39,"column":45}},"39":{"start":{"line":40,"column":0},"end":{"line":40,"column":8}},"41":{"start":{"line":42,"column":0},"end":{"line":42,"column":11}},"42":{"start":{"line":43,"column":0},"end":{"line":43,"column":24}},"43":{"start":{"line":44,"column":0},"end":{"line":44,"column":23}},"44":{"start":{"line":45,"column":0},"end":{"line":45,"column":40}},"45":{"start":{"line":46,"column":0},"end":{"line":46,"column":49}},"46":{"start":{"line":47,"column":0},"end":{"line":47,"column":62}},"47":{"start":{"line":48,"column":0},"end":{"line":48,"column":13}},"48":{"start":{"line":49,"column":0},"end":{"line":49,"column":26}},"49":{"start":{"line":50,"column":0},"end":{"line":50,"column":9}},"50":{"start":{"line":51,"column":0},"end":{"line":51,"column":20}},"51":{"start":{"line":52,"column":0},"end":{"line":52,"column":7}},"52":{"start":{"line":53,"column":0},"end":{"line":53,"column":7}},"55":{"start":{"line":56,"column":0},"end":{"line":56,"column":10}},"56":{"start":{"line":57,"column":0},"end":{"line":57,"column":22}},"57":{"start":{"line":58,"column":0},"end":{"line":58,"column":38}},"58":{"start":{"line":59,"column":0},"end":{"line":59,"column":61}},"59":{"start":{"line":60,"column":0},"end":{"line":60,"column":60}},"60":{"start":{"line":61,"column":0},"end":{"line":61,"column":50}},"61":{"start":{"line":62,"column":0},"end":{"line":62,"column":57}},"62":{"start":{"line":63,"column":0},"end":{"line":63,"column":53}},"63":{"start":{"line":64,"column":0},"end":{"line":64,"column":59}},"64":{"start":{"line":65,"column":0},"end":{"line":65,"column":40}},"65":{"start":{"line":66,"column":0},"end":{"line":66,"column":34}},"66":{"start":{"line":67,"column":0},"end":{"line":67,"column":43}},"67":{"start":{"line":68,"column":0},"end":{"line":68,"column":49}},"68":{"start":{"line":69,"column":0},"end":{"line":69,"column":45}},"69":{"start":{"line":70,"column":0},"end":{"line":70,"column":8}},"71":{"start":{"line":72,"column":0},"end":{"line":72,"column":11}},"72":{"start":{"line":73,"column":0},"end":{"line":73,"column":28}},"73":{"start":{"line":74,"column":0},"end":{"line":74,"column":80}},"74":{"start":{"line":75,"column":0},"end":{"line":75,"column":9}},"75":{"start":{"line":76,"column":0},"end":{"line":76,"column":26}},"76":{"start":{"line":77,"column":0},"end":{"line":77,"column":29}},"77":{"start":{"line":78,"column":0},"end":{"line":78,"column":43}},"78":{"start":{"line":79,"column":0},"end":{"line":79,"column":31}},"79":{"start":{"line":80,"column":0},"end":{"line":80,"column":37}},"80":{"start":{"line":81,"column":0},"end":{"line":81,"column":58}},"81":{"start":{"line":82,"column":0},"end":{"line":82,"column":67}},"82":{"start":{"line":83,"column":0},"end":{"line":83,"column":11}},"83":{"start":{"line":84,"column":0},"end":{"line":84,"column":23}},"84":{"start":{"line":85,"column":0},"end":{"line":85,"column":40}},"85":{"start":{"line":86,"column":0},"end":{"line":86,"column":49}},"86":{"start":{"line":87,"column":0},"end":{"line":87,"column":62}},"87":{"start":{"line":88,"column":0},"end":{"line":88,"column":13}},"88":{"start":{"line":89,"column":0},"end":{"line":89,"column":26}},"89":{"start":{"line":90,"column":0},"end":{"line":90,"column":9}},"90":{"start":{"line":91,"column":0},"end":{"line":91,"column":20}},"91":{"start":{"line":92,"column":0},"end":{"line":92,"column":7}},"92":{"start":{"line":93,"column":0},"end":{"line":93,"column":7}},"95":{"start":{"line":96,"column":0},"end":{"line":96,"column":10}},"96":{"start":{"line":97,"column":0},"end":{"line":97,"column":20}},"97":{"start":{"line":98,"column":0},"end":{"line":98,"column":38}},"98":{"start":{"line":99,"column":0},"end":{"line":99,"column":61}},"99":{"start":{"line":100,"column":0},"end":{"line":100,"column":40}},"100":{"start":{"line":101,"column":0},"end":{"line":101,"column":34}},"101":{"start":{"line":102,"column":0},"end":{"line":102,"column":43}},"102":{"start":{"line":103,"column":0},"end":{"line":103,"column":49}},"103":{"start":{"line":104,"column":0},"end":{"line":104,"column":45}},"104":{"start":{"line":105,"column":0},"end":{"line":105,"column":8}},"106":{"start":{"line":107,"column":0},"end":{"line":107,"column":11}},"107":{"start":{"line":108,"column":0},"end":{"line":108,"column":28}},"108":{"start":{"line":109,"column":0},"end":{"line":109,"column":80}},"109":{"start":{"line":110,"column":0},"end":{"line":110,"column":9}},"110":{"start":{"line":111,"column":0},"end":{"line":111,"column":37}},"111":{"start":{"line":112,"column":0},"end":{"line":112,"column":23}},"112":{"start":{"line":113,"column":0},"end":{"line":113,"column":40}},"113":{"start":{"line":114,"column":0},"end":{"line":114,"column":49}},"114":{"start":{"line":115,"column":0},"end":{"line":115,"column":62}},"115":{"start":{"line":116,"column":0},"end":{"line":116,"column":13}},"116":{"start":{"line":117,"column":0},"end":{"line":117,"column":26}},"117":{"start":{"line":118,"column":0},"end":{"line":118,"column":9}},"118":{"start":{"line":119,"column":0},"end":{"line":119,"column":20}},"119":{"start":{"line":120,"column":0},"end":{"line":120,"column":7}},"120":{"start":{"line":121,"column":0},"end":{"line":121,"column":7}},"121":{"start":{"line":122,"column":0},"end":{"line":122,"column":1}}},"s":{"4":1,"7":1,"8":1,"9":1,"10":1,"11":1,"25":1,"26":34,"27":34,"28":34,"31":34,"32":34,"33":34,"34":34,"35":5,"36":5,"37":5,"38":5,"39":5,"41":5,"42":5,"43":5,"44":0,"45":0,"46":0,"47":0,"48":0,"49":0,"50":0,"51":0,"52":34,"55":34,"56":34,"57":34,"58":34,"59":34,"60":34,"61":34,"62":34,"63":34,"64":34,"65":7,"66":7,"67":7,"68":7,"69":7,"71":7,"72":7,"73":0,"74":0,"75":7,"76":7,"77":7,"78":7,"79":7,"80":7,"81":7,"82":7,"83":7,"84":2,"85":2,"86":2,"87":2,"88":2,"89":2,"90":2,"91":2,"92":34,"95":34,"96":34,"97":34,"98":34,"99":34,"100":4,"101":4,"102":4,"103":4,"104":4,"106":4,"107":4,"108":0,"109":0,"110":4,"111":4,"112":1,"113":1,"114":1,"115":1,"116":1,"117":1,"118":1,"119":1,"120":34,"121":34},"branchMap":{"0":{"type":"branch","line":26,"loc":{"start":{"line":26,"column":7},"end":{"line":122,"column":1}},"locations":[{"start":{"line":26,"column":7},"end":{"line":122,"column":1}}]},"1":{"type":"branch","line":35,"loc":{"start":{"line":35,"column":12},"end":{"line":53,"column":5}},"locations":[{"start":{"line":35,"column":12},"end":{"line":53,"column":5}}]},"2":{"type":"branch","line":37,"loc":{"start":{"line":37,"column":29},"end":{"line":37,"column":43}},"locations":[{"start":{"line":37,"column":29},"end":{"line":37,"column":43}}]},"3":{"type":"branch","line":44,"loc":{"start":{"line":44,"column":6},"end":{"line":52,"column":7}},"locations":[{"start":{"line":44,"column":6},"end":{"line":52,"column":7}}]},"4":{"type":"branch","line":65,"loc":{"start":{"line":65,"column":12},"end":{"line":93,"column":5}},"locations":[{"start":{"line":65,"column":12},"end":{"line":93,"column":5}}]},"5":{"type":"branch","line":67,"loc":{"start":{"line":67,"column":29},"end":{"line":67,"column":43}},"locations":[{"start":{"line":67,"column":29},"end":{"line":67,"column":43}}]},"6":{"type":"branch","line":73,"loc":{"start":{"line":73,"column":27},"end":{"line":75,"column":9}},"locations":[{"start":{"line":73,"column":27},"end":{"line":75,"column":9}}]},"7":{"type":"branch","line":84,"loc":{"start":{"line":84,"column":6},"end":{"line":92,"column":7}},"locations":[{"start":{"line":84,"column":6},"end":{"line":92,"column":7}}]},"8":{"type":"branch","line":86,"loc":{"start":{"line":86,"column":42},"end":{"line":88,"column":11}},"locations":[{"start":{"line":86,"column":42},"end":{"line":88,"column":11}}]},"9":{"type":"branch","line":100,"loc":{"start":{"line":100,"column":12},"end":{"line":121,"column":5}},"locations":[{"start":{"line":100,"column":12},"end":{"line":121,"column":5}}]},"10":{"type":"branch","line":102,"loc":{"start":{"line":102,"column":29},"end":{"line":102,"column":43}},"locations":[{"start":{"line":102,"column":29},"end":{"line":102,"column":43}}]},"11":{"type":"branch","line":108,"loc":{"start":{"line":108,"column":27},"end":{"line":110,"column":9}},"locations":[{"start":{"line":108,"column":27},"end":{"line":110,"column":9}}]},"12":{"type":"branch","line":112,"loc":{"start":{"line":112,"column":6},"end":{"line":120,"column":7}},"locations":[{"start":{"line":112,"column":6},"end":{"line":120,"column":7}}]},"13":{"type":"branch","line":114,"loc":{"start":{"line":114,"column":42},"end":{"line":116,"column":11}},"locations":[{"start":{"line":114,"column":42},"end":{"line":116,"column":11}}]}},"b":{"0":[34],"1":[5],"2":[4],"3":[0],"4":[7],"5":[6],"6":[0],"7":[2],"8":[2],"9":[4],"10":[3],"11":[0],"12":[1],"13":[1]},"fnMap":{"0":{"name":"registerAgentCommand","decl":{"start":{"line":26,"column":7},"end":{"line":122,"column":1}},"loc":{"start":{"line":26,"column":7},"end":{"line":122,"column":1}},"line":26}},"f":{"0":34}}
,"/Users/lxy/Documents/GitHub/LinXueyuanStdio/viben/packages/cli/src/commands/agent/list.ts": {"path":"/Users/lxy/Documents/GitHub/LinXueyuanStdio/viben/packages/cli/src/commands/agent/list.ts","all":false,"statementMap":{"4":{"start":{"line":5,"column":0},"end":{"line":5,"column":25}},"5":{"start":{"line":6,"column":0},"end":{"line":6,"column":29}},"6":{"start":{"line":7,"column":0},"end":{"line":7,"column":29}},"7":{"start":{"line":8,"column":0},"end":{"line":8,"column":26}},"10":{"start":{"line":11,"column":0},"end":{"line":11,"column":72}},"11":{"start":{"line":12,"column":0},"end":{"line":12,"column":63}},"16":{"start":{"line":17,"column":0},"end":{"line":17,"column":72}},"17":{"start":{"line":18,"column":0},"end":{"line":18,"column":34}},"18":{"start":{"line":19,"column":0},"end":{"line":19,"column":14}},"19":{"start":{"line":20,"column":0},"end":{"line":20,"column":3}},"21":{"start":{"line":22,"column":0},"end":{"line":22,"column":29}},"22":{"start":{"line":23,"column":0},"end":{"line":23,"column":42}},"24":{"start":{"line":25,"column":0},"end":{"line":25,"column":29}},"25":{"start":{"line":26,"column":0},"end":{"line":26,"column":60}},"26":{"start":{"line":27,"column":0},"end":{"line":27,"column":15}},"27":{"start":{"line":28,"column":0},"end":{"line":28,"column":5}},"29":{"start":{"line":30,"column":0},"end":{"line":30,"column":48}},"30":{"start":{"line":31,"column":0},"end":{"line":31,"column":9}},"31":{"start":{"line":32,"column":0},"end":{"line":32,"column":57}},"32":{"start":{"line":33,"column":0},"end":{"line":33,"column":68}},"34":{"start":{"line":35,"column":0},"end":{"line":35,"column":41}},"35":{"start":{"line":36,"column":0},"end":{"line":36,"column":28}},"36":{"start":{"line":37,"column":0},"end":{"line":37,"column":77}},"37":{"start":{"line":38,"column":0},"end":{"line":38,"column":51}},"38":{"start":{"line":39,"column":0},"end":{"line":39,"column":65}},"39":{"start":{"line":40,"column":0},"end":{"line":40,"column":53}},"40":{"start":{"line":41,"column":0},"end":{"line":41,"column":59}},"41":{"start":{"line":42,"column":0},"end":{"line":42,"column":48}},"42":{"start":{"line":43,"column":0},"end":{"line":43,"column":44}},"43":{"start":{"line":44,"column":0},"end":{"line":44,"column":8}},"45":{"start":{"line":46,"column":0},"end":{"line":46,"column":25}},"46":{"start":{"line":47,"column":0},"end":{"line":47,"column":21}},"48":{"start":{"line":49,"column":0},"end":{"line":49,"column":15}},"49":{"start":{"line":50,"column":0},"end":{"line":50,"column":5}},"50":{"start":{"line":51,"column":0},"end":{"line":51,"column":3}},"52":{"start":{"line":53,"column":0},"end":{"line":53,"column":16}},"53":{"start":{"line":54,"column":0},"end":{"line":54,"column":1}},"58":{"start":{"line":59,"column":0},"end":{"line":59,"column":54}},"59":{"start":{"line":60,"column":0},"end":{"line":60,"column":55}},"62":{"start":{"line":63,"column":0},"end":{"line":63,"column":41}},"63":{"start":{"line":64,"column":0},"end":{"line":64,"column":21}},"64":{"start":{"line":65,"column":0},"end":{"line":65,"column":65}},"65":{"start":{"line":66,"column":0},"end":{"line":66,"column":79}},"66":{"start":{"line":67,"column":0},"end":{"line":67,"column":42}},"67":{"start":{"line":68,"column":0},"end":{"line":68,"column":53}},"68":{"start":{"line":69,"column":0},"end":{"line":69,"column":5}},"69":{"start":{"line":70,"column":0},"end":{"line":70,"column":3}},"72":{"start":{"line":73,"column":0},"end":{"line":73,"column":61}},"73":{"start":{"line":74,"column":0},"end":{"line":74,"column":68}},"74":{"start":{"line":75,"column":0},"end":{"line":75,"column":37}},"76":{"start":{"line":77,"column":0},"end":{"line":77,"column":49}},"77":{"start":{"line":78,"column":0},"end":{"line":78,"column":50}},"78":{"start":{"line":79,"column":0},"end":{"line":79,"column":5}},"79":{"start":{"line":80,"column":0},"end":{"line":80,"column":3}},"81":{"start":{"line":82,"column":0},"end":{"line":82,"column":9}},"82":{"start":{"line":83,"column":0},"end":{"line":83,"column":8}},"83":{"start":{"line":84,"column":0},"end":{"line":84,"column":54}},"84":{"start":{"line":85,"column":0},"end":{"line":85,"column":11}},"85":{"start":{"line":86,"column":0},"end":{"line":86,"column":32}},"86":{"start":{"line":87,"column":0},"end":{"line":87,"column":52}},"87":{"start":{"line":88,"column":0},"end":{"line":88,"column":22}},"88":{"start":{"line":89,"column":0},"end":{"line":89,"column":45}},"89":{"start":{"line":90,"column":0},"end":{"line":90,"column":70}},"90":{"start":{"line":91,"column":0},"end":{"line":91,"column":15}},"91":{"start":{"line":92,"column":0},"end":{"line":92,"column":7}},"93":{"start":{"line":94,"column":0},"end":{"line":94,"column":18}},"94":{"start":{"line":95,"column":0},"end":{"line":95,"column":12}},"95":{"start":{"line":96,"column":0},"end":{"line":96,"column":42}},"96":{"start":{"line":97,"column":0},"end":{"line":97,"column":27}},"97":{"start":{"line":98,"column":0},"end":{"line":98,"column":15}},"98":{"start":{"line":99,"column":0},"end":{"line":99,"column":44}},"99":{"start":{"line":100,"column":0},"end":{"line":100,"column":45}},"100":{"start":{"line":101,"column":0},"end":{"line":101,"column":19}},"101":{"start":{"line":102,"column":0},"end":{"line":102,"column":10}},"102":{"start":{"line":103,"column":0},"end":{"line":103,"column":8}},"103":{"start":{"line":104,"column":0},"end":{"line":104,"column":5}},"104":{"start":{"line":105,"column":0},"end":{"line":105,"column":4}},"105":{"start":{"line":106,"column":0},"end":{"line":106,"column":1}}},"s":{"4":1,"5":1,"6":1,"7":1,"10":1,"11":1,"16":10,"17":10,"18":2,"19":2,"21":8,"22":8,"24":10,"25":5,"26":0,"27":0,"29":5,"30":5,"31":5,"32":5,"34":5,"35":5,"36":5,"37":5,"38":5,"39":5,"40":5,"41":5,"42":5,"43":5,"45":5,"46":5,"48":0,"49":0,"50":5,"52":8,"53":8,"58":1,"59":5,"62":5,"63":5,"64":5,"65":5,"66":5,"67":2,"68":2,"69":5,"72":5,"73":5,"74":5,"76":3,"77":3,"78":3,"79":3,"81":5,"82":5,"83":5,"84":5,"85":4,"86":1,"87":1,"88":1,"89":1,"90":1,"91":1,"93":3,"94":3,"95":3,"96":3,"97":4,"98":4,"99":4,"100":4,"101":3,"102":3,"103":4,"104":5,"105":5},"branchMap":{"0":{"type":"branch","line":17,"loc":{"start":{"line":17,"column":0},"end":{"line":54,"column":1}},"locations":[{"start":{"line":17,"column":0},"end":{"line":54,"column":1}}]},"1":{"type":"branch","line":18,"loc":{"start":{"line":18,"column":33},"end":{"line":20,"column":3}},"locations":[{"start":{"line":18,"column":33},"end":{"line":20,"column":3}}]},"2":{"type":"branch","line":20,"loc":{"start":{"line":20,"column":2},"end":{"line":25,"column":28}},"locations":[{"start":{"line":20,"column":2},"end":{"line":25,"column":28}}]},"3":{"type":"branch","line":25,"loc":{"start":{"line":25,"column":28},"end":{"line":51,"column":3}},"locations":[{"start":{"line":25,"column":28},"end":{"line":51,"column":3}}]},"4":{"type":"branch","line":26,"loc":{"start":{"line":26,"column":30},"end":{"line":26,"column":59}},"locations":[{"start":{"line":26,"column":30},"end":{"line":26,"column":59}}]},"5":{"type":"branch","line":26,"loc":{"start":{"line":26,"column":59},"end":{"line":28,"column":5}},"locations":[{"start":{"line":26,"column":59},"end":{"line":28,"column":5}}]},"6":{"type":"branch","line":37,"loc":{"start":{"line":37,"column":20},"end":{"line":37,"column":77}},"locations":[{"start":{"line":37,"column":20},"end":{"line":37,"column":77}}]},"7":{"type":"branch","line":38,"loc":{"start":{"line":38,"column":22},"end":{"line":38,"column":51}},"locations":[{"start":{"line":38,"column":22},"end":{"line":38,"column":51}}]},"8":{"type":"branch","line":47,"loc":{"start":{"line":47,"column":4},"end":{"line":50,"column":5}},"locations":[{"start":{"line":47,"column":4},"end":{"line":50,"column":5}}]},"9":{"type":"branch","line":51,"loc":{"start":{"line":51,"column":2},"end":{"line":54,"column":1}},"locations":[{"start":{"line":51,"column":2},"end":{"line":54,"column":1}}]},"10":{"type":"branch","line":59,"loc":{"start":{"line":59,"column":7},"end":{"line":106,"column":1}},"locations":[{"start":{"line":59,"column":7},"end":{"line":106,"column":1}}]},"11":{"type":"branch","line":67,"loc":{"start":{"line":67,"column":41},"end":{"line":69,"column":5}},"locations":[{"start":{"line":67,"column":41},"end":{"line":69,"column":5}}]},"12":{"type":"branch","line":75,"loc":{"start":{"line":75,"column":36},"end":{"line":80,"column":3}},"locations":[{"start":{"line":75,"column":36},"end":{"line":80,"column":3}}]},"13":{"type":"branch","line":77,"loc":{"start":{"line":77,"column":21},"end":{"line":77,"column":45}},"locations":[{"start":{"line":77,"column":21},"end":{"line":77,"column":45}}]},"14":{"type":"branch","line":85,"loc":{"start":{"line":85,"column":4},"end":{"line":104,"column":5}},"locations":[{"start":{"line":85,"column":4},"end":{"line":104,"column":5}}]},"15":{"type":"branch","line":86,"loc":{"start":{"line":86,"column":31},"end":{"line":92,"column":7}},"locations":[{"start":{"line":86,"column":31},"end":{"line":92,"column":7}}]},"16":{"type":"branch","line":92,"loc":{"start":{"line":92,"column":6},"end":{"line":103,"column":8}},"locations":[{"start":{"line":92,"column":6},"end":{"line":103,"column":8}}]},"17":{"type":"branch","line":97,"loc":{"start":{"line":97,"column":19},"end":{"line":102,"column":9}},"locations":[{"start":{"line":97,"column":19},"end":{"line":102,"column":9}}]},"18":{"type":"branch","line":99,"loc":{"start":{"line":99,"column":12},"end":{"line":99,"column":44}},"locations":[{"start":{"line":99,"column":12},"end":{"line":99,"column":44}}]}},"b":{"0":[10],"1":[2],"2":[8],"3":[5],"4":[0],"5":[0],"6":[0],"7":[3],"8":[0],"9":[8],"10":[5],"11":[2],"12":[3],"13":[1],"14":[4],"15":[1],"16":[3],"17":[4],"18":[2]},"fnMap":{"0":{"name":"readAgentsFromDir","decl":{"start":{"line":17,"column":0},"end":{"line":54,"column":1}},"loc":{"start":{"line":17,"column":0},"end":{"line":54,"column":1}},"line":17},"1":{"name":"listAgents","decl":{"start":{"line":59,"column":7},"end":{"line":106,"column":1}},"loc":{"start":{"line":59,"column":7},"end":{"line":106,"column":1}},"line":59}},"f":{"0":10,"1":5}}
,"/Users/lxy/Documents/GitHub/LinXueyuanStdio/viben/packages/cli/src/commands/agent/show.ts": {"path":"/Users/lxy/Documents/GitHub/LinXueyuanStdio/viben/packages/cli/src/commands/agent/show.ts","all":false,"statementMap":{"4":{"start":{"line":5,"column":0},"end":{"line":5,"column":25}},"5":{"start":{"line":6,"column":0},"end":{"line":6,"column":29}},"6":{"start":{"line":7,"column":0},"end":{"line":7,"column":29}},"7":{"start":{"line":8,"column":0},"end":{"line":8,"column":26}},"9":{"start":{"line":10,"column":0},"end":{"line":10,"column":39}},"10":{"start":{"line":11,"column":0},"end":{"line":11,"column":71}},"11":{"start":{"line":12,"column":0},"end":{"line":12,"column":63}},"16":{"start":{"line":17,"column":0},"end":{"line":17,"column":87}},"18":{"start":{"line":19,"column":0},"end":{"line":19,"column":41}},"19":{"start":{"line":20,"column":0},"end":{"line":20,"column":21}},"20":{"start":{"line":21,"column":0},"end":{"line":21,"column":79}},"21":{"start":{"line":22,"column":0},"end":{"line":22,"column":44}},"22":{"start":{"line":23,"column":0},"end":{"line":23,"column":67}},"23":{"start":{"line":24,"column":0},"end":{"line":24,"column":68}},"24":{"start":{"line":25,"column":0},"end":{"line":25,"column":51}},"26":{"start":{"line":27,"column":0},"end":{"line":27,"column":14}},"27":{"start":{"line":28,"column":0},"end":{"line":28,"column":16}},"28":{"start":{"line":29,"column":0},"end":{"line":29,"column":42}},"29":{"start":{"line":30,"column":0},"end":{"line":30,"column":50}},"30":{"start":{"line":31,"column":0},"end":{"line":31,"column":64}},"31":{"start":{"line":32,"column":0},"end":{"line":32,"column":52}},"32":{"start":{"line":33,"column":0},"end":{"line":33,"column":58}},"33":{"start":{"line":34,"column":0},"end":{"line":34,"column":50}},"34":{"start":{"line":35,"column":0},"end":{"line":35,"column":46}},"35":{"start":{"line":36,"column":0},"end":{"line":36,"column":10}},"36":{"start":{"line":37,"column":0},"end":{"line":37,"column":33}},"37":{"start":{"line":38,"column":0},"end":{"line":38,"column":28}},"38":{"start":{"line":39,"column":0},"end":{"line":39,"column":8}},"39":{"start":{"line":40,"column":0},"end":{"line":40,"column":5}},"40":{"start":{"line":41,"column":0},"end":{"line":41,"column":3}},"43":{"start":{"line":44,"column":0},"end":{"line":44,"column":75}},"44":{"start":{"line":45,"column":0},"end":{"line":45,"column":39}},"45":{"start":{"line":46,"column":0},"end":{"line":46,"column":62}},"46":{"start":{"line":47,"column":0},"end":{"line":47,"column":66}},"47":{"start":{"line":48,"column":0},"end":{"line":48,"column":46}},"49":{"start":{"line":50,"column":0},"end":{"line":50,"column":12}},"50":{"start":{"line":51,"column":0},"end":{"line":51,"column":14}},"51":{"start":{"line":52,"column":0},"end":{"line":52,"column":40}},"52":{"start":{"line":53,"column":0},"end":{"line":53,"column":48}},"53":{"start":{"line":54,"column":0},"end":{"line":54,"column":62}},"54":{"start":{"line":55,"column":0},"end":{"line":55,"column":50}},"55":{"start":{"line":56,"column":0},"end":{"line":56,"column":56}},"56":{"start":{"line":57,"column":0},"end":{"line":57,"column":48}},"57":{"start":{"line":58,"column":0},"end":{"line":58,"column":44}},"58":{"start":{"line":59,"column":0},"end":{"line":59,"column":8}},"59":{"start":{"line":60,"column":0},"end":{"line":60,"column":28}},"60":{"start":{"line":61,"column":0},"end":{"line":61,"column":23}},"61":{"start":{"line":62,"column":0},"end":{"line":62,"column":6}},"62":{"start":{"line":63,"column":0},"end":{"line":63,"column":3}},"64":{"start":{"line":65,"column":0},"end":{"line":65,"column":14}},"65":{"start":{"line":66,"column":0},"end":{"line":66,"column":1}},"70":{"start":{"line":71,"column":0},"end":{"line":71,"column":65}},"71":{"start":{"line":72,"column":0},"end":{"line":72,"column":31}},"73":{"start":{"line":74,"column":0},"end":{"line":74,"column":16}},"74":{"start":{"line":75,"column":0},"end":{"line":75,"column":23}},"75":{"start":{"line":76,"column":0},"end":{"line":76,"column":32}},"76":{"start":{"line":77,"column":0},"end":{"line":77,"column":23}},"77":{"start":{"line":78,"column":0},"end":{"line":78,"column":6}},"78":{"start":{"line":79,"column":0},"end":{"line":79,"column":3}},"80":{"start":{"line":81,"column":0},"end":{"line":81,"column":52}},"82":{"start":{"line":83,"column":0},"end":{"line":83,"column":9}},"83":{"start":{"line":84,"column":0},"end":{"line":84,"column":8}},"84":{"start":{"line":85,"column":0},"end":{"line":85,"column":21}},"85":{"start":{"line":86,"column":0},"end":{"line":86,"column":12}},"86":{"start":{"line":87,"column":0},"end":{"line":87,"column":22}},"87":{"start":{"line":88,"column":0},"end":{"line":88,"column":13}},"88":{"start":{"line":89,"column":0},"end":{"line":89,"column":7}},"89":{"start":{"line":90,"column":0},"end":{"line":90,"column":11}},"90":{"start":{"line":91,"column":0},"end":{"line":91,"column":62}},"91":{"start":{"line":92,"column":0},"end":{"line":92,"column":20}},"93":{"start":{"line":94,"column":0},"end":{"line":94,"column":93}},"94":{"start":{"line":95,"colum
[...]
:{"line":128,"column":3}}]},"18":{"type":"branch","line":95,"loc":{"start":{"line":95,"column":26},"end":{"line":101,"column":5}},"locations":[{"start":{"line":95,"column":26},"end":{"line":101,"column":5}}]},"19":{"type":"branch","line":97,"loc":{"start":{"line":97,"column":22},"end":{"line":99,"column":7}},"locations":[{"start":{"line":97,"column":22},"end":{"line":99,"column":7}}]},"20":{"type":"branch","line":107,"loc":{"start":{"line":107,"column":29},"end":{"line":110,"column":3}},"locations":[{"start":{"line":107,"column":29},"end":{"line":110,"column":3}}]},"21":{"type":"branch","line":108,"loc":{"start":{"line":108,"column":41},"end":{"line":108,"column":69}},"locations":[{"start":{"line":108,"column":41},"end":{"line":108,"column":69}}]},"22":{"type":"branch","line":108,"loc":{"start":{"line":108,"column":61},"end":{"line":108,"column":68}},"locations":[{"start":{"line":108,"column":61},"end":{"line":108,"column":68}}]},"23":{"type":"branch","line":109,"loc":{"start":{"line":109,"column":40},"end":{"line":109,"column":55}},"locations":[{"start":{"line":109,"column":40},"end":{"line":109,"column":55}}]},"24":{"type":"branch","line":113,"loc":{"start":{"line":113,"column":33},"end":{"line":113,"column":62}},"locations":[{"start":{"line":113,"column":33},"end":{"line":113,"column":62}}]},"25":{"type":"branch","line":117,"loc":{"start":{"line":117,"column":31},"end":{"line":117,"column":51}},"locations":[{"start":{"line":117,"column":31},"end":{"line":117,"column":51}}]},"26":{"type":"branch","line":122,"loc":{"start":{"line":122,"column":28},"end":{"line":126,"column":5}},"locations":[{"start":{"line":122,"column":28},"end":{"line":126,"column":5}}]},"27":{"type":"branch","line":123,"loc":{"start":{"line":123,"column":33},"end":{"line":123,"column":43}},"locations":[{"start":{"line":123,"column":33},"end":{"line":123,"column":43}}]},"28":{"type":"branch","line":125,"loc":{"start":{"line":125,"column":14},"end":{"line":125,"column":28}},"locations":[{"start":{"line":125,"column":14},"end":{"line":125,"column":28}}]},"29":{"type":"branch","line":134,"loc":{"start":{"line":134,"column":0},"end":{"line":137,"column":1}},"locations":[{"start":{"line":134,"column":0},"end":{"line":137,"column":1}}]},"30":{"type":"branch","line":142,"loc":{"start":{"line":142,"column":7},"end":{"line":176,"column":1}},"locations":[{"start":{"line":142,"column":7},"end":{"line":176,"column":1}}]},"31":{"type":"branch","line":143,"loc":{"start":{"line":143,"column":16},"end":{"line":145,"column":3}},"locations":[{"start":{"line":143,"column":16},"end":{"line":145,"column":3}}]},"32":{"type":"branch","line":145,"loc":{"start":{"line":145,"column":2},"end":{"line":153,"column":36}},"locations":[{"start":{"line":145,"column":2},"end":{"line":153,"column":36}}]},"33":{"type":"branch","line":153,"loc":{"start":{"line":153,"column":36},"end":{"line":166,"column":40}},"locations":[{"start":{"line":153,"column":36},"end":{"line":166,"column":40}}]},"34":{"type":"branch","line":155,"loc":{"start":{"line":155,"column":23},"end":{"line":163,"column":5}},"locations":[{"start":{"line":155,"column":23},"end":{"line":163,"column":5}}]},"35":{"type":"branch","line":157,"loc":{"start":{"line":157,"column":27},"end":{"line":159,"column":9}},"locations":[{"start":{"line":157,"column":27},"end":{"line":159,"column":9}}]},"36":{"type":"branch","line":159,"loc":{"start":{"line":159,"column":8},"end":{"line":163,"column":5}},"locations":[{"start":{"line":159,"column":8},"end":{"line":163,"column":5}}]},"37":{"type":"branch","line":163,"loc":{"start":{"line":163,"column":4},"end":{"line":166,"column":40}},"locations":[{"start":{"line":163,"column":4},"end":{"line":166,"column":40}}]},"38":{"type":"branch","line":166,"loc":{"start":{"line":166,"column":40},"end":{"line":175,"column":3}},"locations":[{"start":{"line":166,"column":40},"end":{"line":175,"column":3}}]},"39":{"type":"branch","line":166,"loc":{"start":{"line":166,"column":40},"end":{"line":173,"column":10}},"locations":[{"start":{"line":166,"column":40},"end":{"line":173,"column":10}}]},"40":{"type":"branch","line":173,"loc":{"start":{"line":173,"column":2},"end":{"line":175,"column":3}},"locations":[{"start":{"line":173,"column":2},"end":{"line":175,"column":3}}]},"41":{"type":"branch","line":181,"loc":{"start":{"line":181,"column":7},"end":{"line":185,"column":1}},"locations":[{"start":{"line":181,"column":7},"end":{"line":185,"column":1}}]},"42":{"type":"branch","line":182,"loc":{"start":{"line":182,"column":10},"end":{"line":182,"column":32}},"locations":[{"start":{"line":182,"column":10},"end":{"line":182,"column":32}}]},"43":{"type":"branch","line":182,"loc":{"start":{"line":182,"column":32},"end":{"line":184,"column":3}},"locations":[{"start":{"line":182,"column":32},"end":{"line":184,"column":3}}]},"44":{"type":"branch","line":190,"loc":{"start":{"line":190,"column":7},"end":{"line":194,"column":1}},"locations":[{"start":{"line":190,"column":7},"end":{"line":194,"column":1}}]},"45":{"type":"branch","line":191,"loc":{"start":{"line":191,"column":10},"end":{"line":191,"column":32}},"locations":[{"start":{"line":191,"column":10},"end":{"line":191,"column":32}}]},"46":{"type":"branch","line":191,"loc":{"start":{"line":191,"column":32},"end":{"line":193,"column":3}},"locations":[{"start":{"line":191,"column":32},"end":{"line":193,"column":3}}]}},"b":{"0":[39],"1":[3],"2":[43],"3":[11],"4":[32],"5":[2],"6":[1],"7":[31],"8":[4],"9":[1],"10":[3],"11":[5],"12":[4],"13":[1],"14":[5],"15":[4],"16":[1],"17":[5],"18":[2],"19":[4],"20":[14],"21":[18],"22":[0],"23":[32],"24":[14],"25":[14],"26":[18],"27":[0],"28":[0],"29":[36],"30":[9],"31":[1],"32":[8],"33":[6],"34":[5],"35":[4],"36":[1],"37":[2],"38":[5],"39":[1],"40":[0],"41":[3],"42":[2],"43":[1],"44":[2],"45":[1],"46":[1]},"fnMap":{"0":{"name":"successResponse","decl":{"start":{"line":13,"column":7},"end":{"line":18,"column":1}},"loc":{"start":{"line":13,"column":7},"end":{"line":18,"column":1}},"line":13},"1":{"name":"errorResponse","decl":{"start":{"line":23,"column":7},"end":{"line":32,"column":1}},"loc":{"start":{"line":23,"column":7},"end":{"line":32,"column":1}},"line":23},"2":{"name":"output","decl":{"start":{"line":40,"column":7},"end":{"line":56,"column":1}},"loc":{"start":{"line":40,"column":7},"end":{"line":56,"column":1}},"line":40},"3":{"name":"outputKeyValue","decl":{"start":{"line":70,"column":7},"end":{"line":83,"column":1}},"loc":{"start":{"line":70,"column":7},"end":{"line":83,"column":1}},"line":70},"4":{"name":"outputTable","decl":{"start":{"line":88,"column":7},"end":{"line":129,"column":1}},"loc":{"start":{"line":88,"column":7},"end":{"line":129,"column":1}},"line":88},"5":{"name":"stripAnsi","decl":{"start":{"line":134,"column":0},"end":{"line":137,"column":1}},"loc":{"start":{"line":134,"column":0},"end":{"line":137,"column":1}},"line":134},"6":{"name":"formatDate","decl":{"start":{"line":142,"column":7},"end":{"line":176,"column":1}},"loc":{"start":{"line":142,"column":7},"end":{"line":176,"column":1}},"line":142},"7":{"name":"verbose","decl":{"start":{"line":181,"column":7},"end":{"line":185,"column":1}},"loc":{"start":{"line":181,"column":7},"end":{"line":185,"column":1}},"line":181},"8":{"name":"debug","decl":{"start":{"line":190,"column":7},"end":{"line":194,"column":1}},"loc":{"start":{"line":190,"column":7},"end":{"line":194,"column":1}},"line":190}},"f":{"0":39,"1":3,"2":43,"3":4,"4":5,"5":36,"6":9,"7":3,"8":2}}
,"/Users/lxy/Documents/GitHub/LinXueyuanStdio/viben/packages/cli/src/lib/scope.ts": {"path":"/Users/lxy/Documents/GitHub/LinXueyuanStdio/viben/packages/cli/src/lib/scope.ts","all":false,"statementMap":{"6":{"start":{"line":7,"column":0},"end":{"line":7,"column":25}},"7":{"start":{"line":8,"column":0},"end":{"line":8,"column":29}},"8":{"start":{"line":9,"column":0},"end":{"line":9,"column":25}},"10":{"start":{"line":11,"column":0},"end":{"line":11,"column":36}},"15":{"start":{"line":16,"column":0},"end":{"line":16,"column":38}},"20":{"start":{"line":21,"column":0},"end":{"line":21,"column":41}},"26":{"start":{"line":27,"column":0},"end":{"line":27,"column":46}},"27":{"start":{"line":28,"column":0},"end":{"line":28,"column":79}},"28":{"start":{"line":29,"column":0},"end":{"line":29,"column":1}},"33":{"start":{"line":34,"column":0},"end":{"line":34,"column":54}},"38":{"start":{"line":39,"column":0},"end":{"line":39,"column":39}},"39":{"start":{"line":40,"column":0},"end":{"line":40,"column":30}},"40":{"start":{"line":41,"column":0},"end":{"line":41,"column":1}},"46":{"start":{"line":47,"column":0},"end":{"line":47,"column":68}},"47":{"start":{"line":48,"column":0},"end":{"line":48,"column":42}},"48":{"start":{"line":49,"column":0},"end":{"line":49,"column":43}},"50":{"start":{"line":51,"column":0},"end":{"line":51,"column":31}},"51":{"start":{"line":52,"column":0},"end":{"line":52,"column":58}},"52":{"start":{"line":53,"column":0},"end":{"line":53,"column":56}},"54":{"start":{"line":55,"column":0},"end":{"line":55,"column":36}},"55":{"start":{"line":56,"column":0},"end":{"line":56,"column":24}},"56":{"start":{"line":57,"column":0},"end":{"line":57,"column":5}},"58":{"start":{"line":59,"column":0},"end":{"line":59,"column":42}},"59":{"start":{"line":60,"column":0},"end":{"line":60,"column":3}},"61":{"start":{"line":62,"column":0},"end":{"line":62,"column":14}},"62":{"start":{"line":63,"column":0},"end":{"line":63,"column":1}},"68":{"start":{"line":69,"column":0},"end":{"line":69,"column":50}},"69":{"start":{"line":70,"column":0},"end":{"line":70,"column":57}},"70":{"start":{"line":71,"column":0},"end":{"line":71,"column":22}},"71":{"start":{"line":72,"column":0},"end":{"line":72,"column":51}},"72":{"start":{"line":73,"column":0},"end":{"line":73,"column":3}},"73":{"start":{"line":74,"column":0},"end":{"line":74,"column":14}},"74":{"start":{"line":75,"column":0},"end":{"line":75,"column":1}},"92":{"start":{"line":93,"column":0},"end":{"line":93,"column":78}},"94":{"start":{"line":95,"column":0},"end":{"line":95,"column":23}},"95":{"start":{"line":96,"column":0},"end":{"line":96,"column":20}},"96":{"start":{"line":97,"column":0},"end":{"line":97,"column":3}},"97":{"start":{"line":98,"column":0},"end":{"line":98,"column":26}},"98":{"start":{"line":99,"column":0},"end":{"line":99,"column":23}},"99":{"start":{"line":100,"column":0},"end":{"line":100,"column":3}},"102":{"start":{"line":103,"column":0},"end":{"line":103,"column":43}},"103":{"start":{"line":104,"column":0},"end":{"line":104,"column":58}},"104":{"start":{"line":105,"column":0},"end":{"line":105,"column":20}},"105":{"start":{"line":106,"column":0},"end":{"line":106,"column":3}},"108":{"start":{"line":109,"column":0},"end":{"line":109,"column":41}},"109":{"start":{"line":110,"column":0},"end":{"line":110,"column":21}},"110":{"start":{"line":111,"column":0},"end":{"line":111,"column":23}},"111":{"start":{"line":112,"column":0},"end":{"line":112,"column":3}},"114":{"start":{"line":115,"column":0},"end":{"line":115,"column":18}},"115":{"start":{"line":116,"column":0},"end":{"line":116,"column":1}},"120":{"start":{"line":121,"column":0},"end":{"line":121,"column":67}},"121":{"start":{"line":122,"column":0},"end":{"line":122,"column":30}},"122":{"start":{"line":123,"column":0},"end":{"line":123,"column":43}},"123":{"start":{"line":124,"column":0},"end":{"line":124,"column":24}},"124":{"start":{"line":125,"column":0},"end":{"line":125,"column":25}},"125":{"start":{"line":126,"column":0},"end":{"line":126,"column":70}},"126":{"start":{"line":127,"column":0},"end":{"line":127,"column":22}},"127":{"start":{"line":128,"column":0},"end":{"line":128,"column":8}},"128":{"start":{"line":129,"column":0},"end":{"line":129,"column":5}},"129":{"start":{"line":130,"column":0},"end":{"line":130,"column":48}},"130":{"start":{"line":131,"column":0},"end":{"line":131,"column":3}},"133":{"start":{"line":134,"column":0},"end":{"line":134,"column":41}},"134":{"start":{"line":135,"column":0},"end":{"line":135,"column":43}},"135":{"start":{"line":136,"column":0},"end":{"line":136,"column":1}},"140":{"start":{"line":141,"column":0},"end":{"line":141,"column":50}},"141":{"start":{"line":142,"column":0},"end":{"line":142,"column":32}},"142":{"start":{"line":143,"column":0},"end":{"line":143,"column":47}},"143":{"start":{"line":144,"column":0},"end":{"line":144,"column":3}},"144":{"start":{"line":145,"column":0},"end":{"line":145,"column":1}}},"s":{"6":1,"7":1,"8":1,"10":1,"15":1,"20":1,"26":1,"27":50,"28":50,"33":1,"38":1,"39":33,"40":33,"46":1,"47":86,"48":86,"50":86,"51":215,"52":215,"54":215,"55":76,"56":76,"58":139,"59":139,"61":10,"62":10,"68":1,"69":76,"70":76,"71":72,"72":72,"73":4,"74":4,"92":1,"94":29,"95":4,"96":4,"97":29,"98":1,"99":1,"102":24,"103":29,"104":1,"105":1,"108":23,"109":27,"110":22,"111":22,"114":1,"115":1,"120":1,"121":29,"122":24,"123":24,"124":1,"125":1,"126":1,"127":1,"128":1,"129":23,"130":23,"133":5,"134":5,"135":5,"140":1,"141":19,"142":7,"143":7,"144":19},"branchMap":{"0":{"type":"branch","line":27,"loc":{"start":{"line":27,"column":7},"end":{"line":29,"column":1}},"locations":[{"start":{"line":27,"column":7},"end":{"line":29,"column":1}}]},"1":{"type":"branch","line":28,"loc":{"start":{"line":28,"column":21},"end":{"line":28,"column":79}},"locations":[{"start":{"line":28,"column":21},"end":{"line":28,"column":79}}]},"2":{"type":"branch","line":39,"loc":{"start":{"line":39,"column":7},"end":{"line":41,"column":1}},"locations":[{"start":{"line":39,"column":7},"end":{"line":41,"column":1}}]},"3":{"type":"branch","line":47,"loc":{"start":{"line":47,"column":7},"end":{"line":63,"column":1}},"locations":[{"start":{"line":47,"column":7},"end":{"line":63,"column":1}}]},"4":{"type":"branch","line":51,"loc":{"start":{"line":51,"column":30},"end":{"line":60,"column":3}},"locations":[{"start":{"line":51,"column":30},"end":{"line":60,"column":3}}]},"5":{"type":"branch","line":55,"loc":{"start":{"line":55,"column":35},"end":{"line":57,"column":5}},"locations":[{"start":{"line":55,"column":35},"end":{"line":57,"column":5}}]},"6":{"type":"branch","line":57,"loc":{"start":{"line":57,"column":4},"end":{"line":60,"column":3}},"locations":[{"start":{"line":57,"column":4},"end":{"line":60,"column":3}}]},"7":{"type":"branch","line":60,"loc":{"start":{"line":60,"column":2},"end":{"line":63,"column":1}},"locations":[{"start":{"line":60,"column":2},"end":{"line":63,"column":1}}]},"8":{"type":"branch","line":69,"loc":{"start":{"line":69,"column":7},"end":{"line":75,"column":1}},"locations":[{"start":{"line":69,"column":7},"end":{"line":75,"column":1}}]},"9":{"type":"branch","line":71,"loc":{"start":{"line":71,"column":21},"end":{"line":75,"column":1}},"locations":[{"start":{"line":71,"column":21},"end":{"line":75,"column":1}}]},"10":{"type":"branch","line":71,"loc":{"start":{"line":71,"column":21},"end":{"line":73,"column":3}},"locations":[{"start":{"line":71,"column":21},"end":{"line":73,"column":3}}]},"11":{"type":"branch","line":73,"loc":{"start":{"line":73,"column":2},"end":{"line":75,"column":1}},"locations":[{"start":{"line":73,"column":2},"end":{"line":75,"column":1}}]},"12":{"type":"branch","line":93,"loc":{"start":{"line":93,"column":7},"end":{"line":116,"column":1}},"locations":[{"start":{"line":93,"column":7},"end":{"line":116,"column":1}}]},"13":{"type":"branch","line":95,"loc":{"start":{"line":95,"column":22},"end":{"line":97,"column":3}},"locations":[{"start":{"line":95,"column":22},"end":{"line":97,"column":3}}]},"14":{"type":"branch","line":97,"loc":{"start":{"line":97,"column":2},"end":{"line":98,"column":25}},"locations":[{"start":{"line":97,"column":2},"end":{"line":98,"column":25}}]},"15":{"type":"branch","line":98,"loc":{"start":{"line":98,"column":25},"end":{"line":100,"column":3}},"locations":[{"start":{"line":98,"column":25},"end":{"line":100,"column":3}}]},"16":{"type":"branch","line":100,"loc":{"start":{"line":100,"column":2},"end":{"line":104,"column":57}},"locations":[{"start":{"line":100,"column":2},"end":{"line":104,"column":57}}]},"17":{"type":"branch","line":104,"loc":{"start":{"line":104,"column":57},"end":{"line":106,"column":3}},"locations":[{"start":{"line":104,"column":57},"end":{"line":106,"column":3}}]},"18":{"type":"branch","line":106,"loc":{"start":{"line":106,"column":2},"end":{"line":112,"column":3}},"locations":[{"start":{"line":106,"column":2},"end":{"line":112,"column":3}}]},"19":{"type":"branch","line":106,"loc":{"start":{"line":106,"column":2},"end":{"line":110,"column":20}},"locations":[{"start":{"line":106,"column":2},"end":{"line":110,"column":20}}]},"20":{"type":"branch","line":110,"loc":{"start":{"line":110,"column":20},"end":{"line":112,"column":3}},"locations":[{"start":{"line":110,"column":20},"end":{"line":112,"column":3}}]},"21":{"type":"branch","line":112,"loc":{"start":{"line":112,"column":2},"end":{"line":116,"column":1}},"locations":[{"start":{"line":112,"column":2},"end":{"line":116,"column":1}}]},"22":{"type":"branch","line":121,"loc":{"start":{"line":121,"column":7},"end":{"line":136,"column":1}},"locations":[{"start":{"line":121,"column":7},"end":{"line":136,"column":1}}]},"23":{"type":"branch","line":122,"loc":{"start":{"line":122,"column":29},"end":{"line":136,"column":1}},"locations":[{"start":{"line":122,"column":29},"end":{"line":136,"column":1}}]},"24":{"type":"branch","line":122,"loc":{"start":{"line":122,"column":29},"end":{"line":131,"column":3}},"locations":[{"start":{"line":122,"column":29},"end":{"line":131,"column":3}}]},"25":{"type":"branch","line":124,"loc":{"start":{"line":124,"column":23},"end":{"line":131,"column":3}},"locations":[{"start":{"line":124,"column":23},"end":{"line":131,"column":3}}]},"26":{"type":"branch","line":124,"loc":{"start":{"line":124,"column":23},"end":{"line":129,"column":5}},"locations":[{"start":{"line":124,"column":23},"end":{"line":129,"column":5}}]},"27":{"type":"branch","line":131,"loc":{"start":{"line":131,"column":2},"end":{"line":136,"column":1}},"locations":[{"start":{"line":131,"column":2},"end":{"line":136,"column":1}}]},"28":{"type":"branch","line":141,"loc":{"start":{"line":141,"column":7},"end":{"line":145,"column":1}},"locations":[{"start":{"line":141,"column":7},"end":{"line":145,"column":1}}]},"29":{"type":"branch","line":142,"loc":{"start":{"line":142,"column":31},"end":{"line":144,"column":3}},"locations":[{"start":{"line":142,"column":31},"end":{"line":144,"column":3}}]}},"b":{"0":[50],"1":[9],"2":[33],"3":[86],"4":[215],"5":[76],"6":[139],"7":[10],"8":[76],"9":[73],"10":[72],"11":[4],"12":[29],"13":[4],"14":[25],"15":[1],"16":[24],"17":[1],"18":[27],"19":[23],"20":[22],"21":[1],"22":[29],"23":[25],"24":[24],"25":[23],"26":[1],"27":[5],"28":[19],"29":[7]},"fnMap":{"0":{"name":"getGlobalConfigDir","decl":{"start":{"line":27,"column":7},"end":{"line":29,"column":1}},"loc":{"start":{"line":27,"column":7},"end":{"line":29,"column":1}},"line":27},"1":{"name":"getStateDir","decl":{"start":{"line":39,"column":7},"end":{"line":41,"column":1}},"loc":{"start":{"line":39,"column":7},"end":{"line":41,"column":1}},"line":39},"2":{"name":"findWorkspaceRoot","decl":{"start":{"line":47,"column":7},"end":{"line":63,"column":1}},"loc":{"start":{"line":47,"column":7},"end":{"line":63,"column":1}},"line":47},"3":{"name":"getWorkspaceDir","decl":{"start":{"line":69,"column":7},"end":{"line":75,"column":1}},"loc":{"start":{"line":69,"column":7},"end":{"line":75,"column":1}},"line":69},"4":{"name":"resolveScope","decl":{"start":{"line":93,"column":7},"end":{"line":116,"column":1}},"loc":{"start":{"line":93,"column":7},"end":{"line":116,"column":1}},"line":93},"5":{"name":"getConfigPathForScope","decl":{"start":{"line":121,"column":7},"end":{"line":136,"column":1}},"loc":{"start":{"line":121,"column":7},"end":{"line":136,"column":1}},"line":121},"6":{"name":"ensureDir","decl":{"start":{"line":141,"column":7},"end":{"line":145,"column":1}},"loc":{"start":{"line":141,"column":7},"end":{"line":145,"column":1}},"line":141}},"f":{"0":50,"1":33,"2":86,"3":76,"4":29,"5":29,"6":19}}
}
